#
# A fatal error has been detected by the Java Runtime Environment:
#
#  SIGSEGV (0xb) at pc=0x00007fff92bdb0dd, pid=31700, tid=1811
#
# JRE version: Java(TM) SE Runtime Environment (8.0_25-b17) (build 1.8.0_25-b17)
# Java VM: Java HotSpot(TM) 64-Bit Server VM (25.25-b02 mixed mode bsd-amd64 compressed oops)
# Problematic frame:
# C  [libobjc.A.dylib+0x10dd]  objc_msgSend+0x1d
#
# Failed to write core dump. Core dumps have been disabled. To enable core dumping, try "ulimit -c unlimited" before starting Java again
#
# If you would like to submit a bug report, please visit:
#   http://bugreport.sun.com/bugreport/crash.jsp
# The crash happened outside the Java Virtual Machine in native code.
# See problematic frame for where to report the bug.
#

---------------  T H R E A D  ---------------

Current thread (0x00007fcbe18c0000):  JavaThread "AppKit Thread" daemon [_thread_in_native, id=1811, stack(0x00007fff5ec80000,0x00007fff5f480000)]

siginfo: si_signo: 11 (SIGSEGV), si_code: 1 (SEGV_MAPERR), si_addr: 0x000007fcbe0e7bd0

Registers:
RAX=0x00007fcbe0e7bb50, RBX=0x00007fff5f47b908, RCX=0x0000000000000000, RDX=0x00007fcbe0d31660
RSP=0x00007fff5f47b728, RBP=0x00007fff5f47b730, RSI=0x00007fff8c7d22b4, RDI=0x00007fcbe0e7bb50
R8 =0x00007fff5f47b710, R9 =0x0000000000000055, R10=0x00007fff8c7d22b4, R11=0x000007fcbe0e7bb8
R12=0x00007fcbe0e2cc30, R13=0x00000000000f42ea, R14=0x00007fcbe0f9a280, R15=0x00007fff5f47b868
RIP=0x00007fff92bdb0dd, EFLAGS=0x0000000000010206, ERR=0x0000000000000004
  TRAPNO=0x000000000000000e

Top of Stack: (sp=0x00007fff5f47b728)
0x00007fff5f47b728:   00007fff92f6acdc 00007fff5f47ba90
0x00007fff5f47b738:   00007fff92e5c244 00007fff5f47b7bc
0x00007fff5f47b748:   00007fff5f47b7c0 00007fff5f47b7c4
0x00007fff5f47b758:   00007fff7cb2cc88 ffffffffffffffff
0x00007fff5f47b768:   00000000000007f8 00007fff7cb2cca0
0x00007fff5f47b778:   00007fcbe0f9a280 0000000000000000
0x00007fff5f47b788:   00007fff5f47b860 0000000000000000
0x00007fff5f47b798:   00007fcbe0e7dbf0 00007fff5f47b8e0
0x00007fff5f47b7a8:   0000000000000055 00000000000f42ec
0x00007fff5f47b7b8:   00007fcbe0d31660 00007fcbe0e7d620
0x00007fff5f47b7c8:   00007fcbe0e2cc30 0000000000000001
0x00007fff5f47b7d8:   00000000000f42ea 00007fcbe0e2cc20
0x00007fff5f47b7e8:   00007fff96a607ba 00000001e0d00000
0x00007fff5f47b7f8:   00007fff7bf3d0d0 0000000042000000
0x00007fff5f47b808:   00007fff96a68e13 00007fff7caf71d0
0x00007fff5f47b818:   00007fff5f47b8e8 0000000000000000
0x00007fff5f47b828:   00007fff7c31a8c8 0000000000000000
0x00007fff5f47b838:   0000000000000012 0001720300000001
0x00007fff5f47b848:   00007fcbe0e2cc54 0000000000000000
0x00007fff5f47b858:   00000000003cf201 00007fcbe0e7dc70
0x00007fff5f47b868:   00007fcbe0f9a280 0000000000000000
0x00007fff5f47b878:   00007fff8c80a34c 00007fff5f47b920
0x00007fff5f47b888:   00007fff908c1513 00007fff5f47b904
0x00007fff5f47b898:   00000000003cf301 00000000ffffffff
0x00007fff5f47b8a8:   00007fff7c31a8c8 00000000003cf300
0x00007fff5f47b8b8:   00007fff00000000 00007fff5f47b9b0
0x00007fff5f47b8c8:   00007fff8f61bedc 00007fff7c31a8e8
0x00007fff5f47b8d8:   00007fff8c80a34c 0000000000000051
0x00007fff5f47b8e8:   0000000000000000 00000000000f42e1
0x00007fff5f47b8f8:   0000000000000053 0000000000000000
0x00007fff5f47b908:   00000000000f42ea 00007fff5f47b984
0x00007fff5f47b918:   00000000003d0001 00000000ffffffff 

Instructions: (pc=0x00007fff92bdb0dd)
0x00007fff92bdb0bd:   00 00 00 48 85 ff 2e 74 7a 40 f6 c7 01 2e 75 7e
0x00007fff92bdb0cd:   49 bb f8 ff ff ff ff 7f 00 00 4c 23 1f 49 89 f2
0x00007fff92bdb0dd:   45 23 53 18 49 c1 e2 04 4d 03 53 10 49 3b 32 75
0x00007fff92bdb0ed:   04 41 ff 62 08 49 83 3a 00 74 6a 4d 3b 53 10 74 

Register to memory mapping:

RAX=0x00007fcbe0e7bb50 is an unknown value
RBX=0x00007fff5f47b908 is pointing into the stack for thread: 0x00007fcbe18c0000
RCX=0x0000000000000000 is an unknown value
RDX=0x00007fcbe0d31660 is an unknown value
RSP=0x00007fff5f47b728 is pointing into the stack for thread: 0x00007fcbe18c0000
RBP=0x00007fff5f47b730 is pointing into the stack for thread: 0x00007fcbe18c0000
RSI=0x00007fff8c7d22b4: -[NSTitlebarContainerView shouldRoundCorners]+0x5ced6 in /System/Library/Frameworks/AppKit.framework/Versions/C/AppKit at 0x00007fff8be01000
RDI=0x00007fcbe0e7bb50 is an unknown value
R8 =0x00007fff5f47b710 is pointing into the stack for thread: 0x00007fcbe18c0000
R9 =0x0000000000000055 is an unknown value
R10=0x00007fff8c7d22b4: -[NSTitlebarContainerView shouldRoundCorners]+0x5ced6 in /System/Library/Frameworks/AppKit.framework/Versions/C/AppKit at 0x00007fff8be01000
R11=0x000007fcbe0e7bb8 is an unknown value
R12=0x00007fcbe0e2cc30 is an unknown value
R13=0x00000000000f42ea is an unknown value
R14=0x00007fcbe0f9a280 is an unknown value
R15=0x00007fff5f47b868 is pointing into the stack for thread: 0x00007fcbe18c0000


Stack: [0x00007fff5ec80000,0x00007fff5f480000],  sp=0x00007fff5f47b728,  free space=8173k
Native frames: (J=compiled Java code, j=interpreted, Vv=VM code, C=native code)
C  [libobjc.A.dylib+0x10dd]  objc_msgSend+0x1d
C  [CoreFoundation+0x10244]  _CFXNotificationPost+0xc44
C  [Foundation+0x2c31]  -[NSNotificationCenter postNotificationName:object:userInfo:]+0x42
C  [AppKit+0xdd776]  -[NSSurface _disposeSurface]+0x98
C  [AppKit+0xdd1da]  -[NSSurface setWindow:]+0x42
C  [AppKit+0x3b9ef]  -[NSView _setWindow:]+0xa22
C  [AppKit+0x3cc22]  -[NSView removeFromSuperview]+0x1c5
C  [AppKit+0x9140a]  -[NSView removeFromSuperviewWithoutNeedingDisplay]+0x26
C  [liblwjgl.jnilib+0x9c3e]  +[MacOSXKeyableWindow destroyWindow]+0xde
C  [Foundation+0x65cdc]  __NSThreadPerformPerform+0x125
C  [CoreFoundation+0x80681]  __CFRUNLOOP_IS_CALLING_OUT_TO_A_SOURCE0_PERFORM_FUNCTION__+0x11
C  [CoreFoundation+0x7280d]  __CFRunLoopDoSources0+0x10d
C  [CoreFoundation+0x71e3f]  __CFRunLoopRun+0x39f
C  [CoreFoundation+0x71858]  CFRunLoopRunSpecific+0x128
C  [HIToolbox+0x2eaef]  RunCurrentEventLoopInMode+0xeb
C  [HIToolbox+0x2e86a]  ReceiveNextEventCommon+0x1af
C  [HIToolbox+0x2e6ab]  _BlockUntilNextEventMatchingListInModeWithFilter+0x47
C  [AppKit+0x23f81]  _DPSNextEvent+0x3c4
C  [AppKit+0x23730]  -[NSApplication nextEventMatchingMask:untilDate:inMode:dequeue:]+0xc2
C  [libosxapp.dylib+0x242a]  -[NSApplicationAWT nextEventMatchingMask:untilDate:inMode:dequeue:]+0x7c
C  [AppKit+0x17593]  -[NSApplication run]+0x252
C  [libosxapp.dylib+0x223e]  +[NSApplicationAWT runAWTLoopWithApp:]+0x9c
C  [libawt_lwawt.dylib+0x4494f]  -[AWTStarter starter:]+0x389
C  [Foundation+0x65cdc]  __NSThreadPerformPerform+0x125
C  [CoreFoundation+0x80681]  __CFRUNLOOP_IS_CALLING_OUT_TO_A_SOURCE0_PERFORM_FUNCTION__+0x11
C  [CoreFoundation+0x7280d]  __CFRunLoopDoSources0+0x10d
C  [CoreFoundation+0x71e3f]  __CFRunLoopRun+0x39f
C  [CoreFoundation+0x71858]  CFRunLoopRunSpecific+0x128
C  [java+0x56cc]  CreateExecutionEnvironment+0x367
C  [java+0x165c]  JLI_Launch+0x7a0
C  [java+0x768a]  main+0x65
C  [java+0xeb4]  start+0x34
C  0x0000000000000005


---------------  P R O C E S S  ---------------

Java Threads: ( => current thread )
  0x00007fcbe29f2800 JavaThread "AWT-Shutdown" [_thread_blocked, id=29199, stack(0x0000000121337000,0x0000000121437000)]
  0x00007fcbe2d88800 JavaThread "Java2D Disposer" daemon [_thread_blocked, id=50215, stack(0x0000000121234000,0x0000000121334000)]
=>0x00007fcbe18c0000 JavaThread "AppKit Thread" daemon [_thread_in_native, id=1811, stack(0x00007fff5ec80000,0x00007fff5f480000)]
  0x00007fcbe180c000 JavaThread "Service Thread" daemon [_thread_blocked, id=18179, stack(0x0000000119dd3000,0x0000000119ed3000)]
  0x00007fcbe2814000 JavaThread "C1 CompilerThread2" daemon [_thread_blocked, id=17667, stack(0x0000000119cd0000,0x0000000119dd0000)]
  0x00007fcbe2810000 JavaThread "C2 CompilerThread1" daemon [_thread_blocked, id=17155, stack(0x0000000119bcd000,0x0000000119ccd000)]
  0x00007fcbe2812800 JavaThread "C2 CompilerThread0" daemon [_thread_blocked, id=16643, stack(0x0000000119aca000,0x0000000119bca000)]
  0x00007fcbe2811800 JavaThread "Signal Dispatcher" daemon [_thread_blocked, id=13335, stack(0x00000001199c7000,0x0000000119ac7000)]
  0x00007fcbe2011800 JavaThread "Finalizer" daemon [_thread_blocked, id=11523, stack(0x000000011808e000,0x000000011818e000)]
  0x00007fcbe2010800 JavaThread "Reference Handler" daemon [_thread_blocked, id=11011, stack(0x0000000117f8b000,0x000000011808b000)]
  0x00007fcbe2800000 JavaThread "main" [_thread_in_native, id=4867, stack(0x0000000100896000,0x0000000100996000)]

Other Threads:
  0x00007fcbe1055000 VMThread [stack: 0x0000000117e88000,0x0000000117f88000] [id=10499]
  0x00007fcbe180b800 WatcherThread [stack: 0x0000000119ed6000,0x0000000119fd6000] [id=18691]

VM state:not at safepoint (normal execution)

VM Mutex/Monitor currently owned by a thread: None

Heap:
 PSYoungGen      total 268288K, used 72433K [0x0000000795580000, 0x00000007b9680000, 0x00000007c0000000)
  eden space 266240K, 27% used [0x0000000795580000,0x0000000799c3c748,0x00000007a5980000)
  from space 2048K, 0% used [0x00000007a5980000,0x00000007a5980000,0x00000007a5b80000)
  to   space 82432K, 0% used [0x00000007b4600000,0x00000007b4600000,0x00000007b9680000)
 ParOldGen       total 195584K, used 70300K [0x0000000740000000, 0x000000074bf00000, 0x0000000795580000)
  object space 195584K, 35% used [0x0000000740000000,0x00000007444a7010,0x000000074bf00000)
 Metaspace       used 8213K, capacity 8387K, committed 8576K, reserved 1056768K
  class space    used 822K, capacity 858K, committed 896K, reserved 1048576K

Card table byte_map: [0x00000001114dc000,0x00000001118dd000] byte_map_base: 0x000000010dadc000

Marking Bits: (ParMarkBitMap*) 0x0000000101a9d390
 Begin Bits: [0x0000000111f94000, 0x0000000113f94000)
 End Bits:   [0x0000000113f94000, 0x0000000115f94000)

Polling page: 0x00000001009da000

CodeCache: size=245760Kb used=4383Kb max_used=4395Kb free=241376Kb
 bounds [0x000000010211c000, 0x000000010256c000, 0x000000011111c000]
 total_blobs=1417 nmethods=974 adapters=358
 compilation: enabled

Compilation events (10 events):
Event: 5.936 Thread 0x00007fcbe2814000  978  s    3       org.lwjgl.opengl.EventQueue::copyEvents (77 bytes)
Event: 5.936 Thread 0x00007fcbe2814000 nmethod 978 0x0000000102562f90 code [0x0000000102563160, 0x0000000102563c38]
Event: 5.937 Thread 0x00007fcbe2814000  979       3       org.lwjgl.util.vector.Matrix4f::scale (7 bytes)
Event: 5.937 Thread 0x00007fcbe2814000 nmethod 979 0x0000000102563f10 code [0x0000000102564080, 0x0000000102564208]
Event: 6.316 Thread 0x00007fcbe2814000  980       3       java.util.WeakHashMap::getTable (9 bytes)
Event: 6.316 Thread 0x00007fcbe2814000 nmethod 980 0x0000000102564290 code [0x0000000102564400, 0x00000001025645a8]
Event: 6.316 Thread 0x00007fcbe2814000  981   !   3       java.util.WeakHashMap::expungeStaleEntries (139 bytes)
Event: 6.317 Thread 0x00007fcbe2810000  983       4       java.nio.DirectByteBuffer::put (18 bytes)
Event: 6.317 Thread 0x00007fcbe2814000 nmethod 981 0x0000000102564650 code [0x0000000102564820, 0x0000000102565348]
Event: 6.317 Thread 0x00007fcbe2814000  982       3       sun.awt.AWTAutoShutdown::isReadyToShutdown (37 bytes)

GC Heap History (10 events):
Event: 1.146 GC heap before
{Heap before GC invocations=6 (full 0):
 PSYoungGen      total 71680K, used 68221K [0x0000000795580000, 0x000000079db80000, 0x00000007c0000000)
  eden space 66560K, 100% used [0x0000000795580000,0x0000000799680000,0x0000000799680000)
  from space 5120K, 32% used [0x0000000799680000,0x000000079981f420,0x0000000799b80000)
  to   space 2048K, 0% used [0x000000079d980000,0x000000079d980000,0x000000079db80000)
 ParOldGen       total 87552K, used 32K [0x0000000740000000, 0x0000000745580000, 0x0000000795580000)
  object space 87552K, 0% used [0x0000000740000000,0x0000000740008000,0x0000000745580000)
 Metaspace       used 6587K, capacity 6753K, committed 6912K, reserved 1056768K
  class space    used 652K, capacity 697K, committed 768K, reserved 1048576K
Event: 1.150 GC heap after
Heap after GC invocations=6 (full 0):
 PSYoungGen      total 135168K, used 1851K [0x0000000795580000, 0x000000079db80000, 0x00000007c0000000)
  eden space 133120K, 0% used [0x0000000795580000,0x0000000795580000,0x000000079d780000)
  from space 2048K, 90% used [0x000000079d980000,0x000000079db4ef50,0x000000079db80000)
  to   space 2048K, 0% used [0x000000079d780000,0x000000079d780000,0x000000079d980000)
 ParOldGen       total 87552K, used 40K [0x0000000740000000, 0x0000000745580000, 0x0000000795580000)
  object space 87552K, 0% used [0x0000000740000000,0x000000074000a000,0x0000000745580000)
 Metaspace       used 6587K, capacity 6753K, committed 6912K, reserved 1056768K
  class space    used 652K, capacity 697K, committed 768K, reserved 1048576K
}
Event: 1.340 GC heap before
{Heap before GC invocations=7 (full 0):
 PSYoungGen      total 135168K, used 134971K [0x0000000795580000, 0x000000079db80000, 0x00000007c0000000)
  eden space 133120K, 100% used [0x0000000795580000,0x000000079d780000,0x000000079d780000)
  from space 2048K, 90% used [0x000000079d980000,0x000000079db4ef50,0x000000079db80000)
  to   space 2048K, 0% used [0x000000079d780000,0x000000079d780000,0x000000079d980000)
 ParOldGen       total 87552K, used 40K [0x0000000740000000, 0x0000000745580000, 0x0000000795580000)
  object space 87552K, 0% used [0x0000000740000000,0x000000074000a000,0x0000000745580000)
 Metaspace       used 6587K, capacity 6753K, committed 6912K, reserved 1056768K
  class space    used 652K, capacity 697K, committed 768K, reserved 1048576K
Event: 1.344 GC heap after
Heap after GC invocations=7 (full 0):
 PSYoungGen      total 135168K, used 1085K [0x0000000795580000, 0x00000007a5e80000, 0x00000007c0000000)
  eden space 133120K, 0% used [0x0000000795580000,0x0000000795580000,0x000000079d780000)
  from space 2048K, 53% used [0x000000079d780000,0x000000079d88f798,0x000000079d980000)
  to   space 2560K, 0% used [0x00000007a5c00000,0x00000007a5c00000,0x00000007a5e80000)
 ParOldGen       total 87552K, used 1344K [0x0000000740000000, 0x0000000745580000, 0x0000000795580000)
  object space 87552K, 1% used [0x0000000740000000,0x0000000740150360,0x0000000745580000)
 Metaspace       used 6587K, capacity 6753K, committed 6912K, reserved 1056768K
  class space    used 652K, capacity 697K, committed 768K, reserved 1048576K
}
Event: 1.461 GC heap before
{Heap before GC invocations=8 (full 0):
 PSYoungGen      total 135168K, used 134205K [0x0000000795580000, 0x00000007a5e80000, 0x00000007c0000000)
  eden space 133120K, 100% used [0x0000000795580000,0x000000079d780000,0x000000079d780000)
  from space 2048K, 53% used [0x000000079d780000,0x000000079d88f798,0x000000079d980000)
  to   space 2560K, 0% used [0x00000007a5c00000,0x00000007a5c00000,0x00000007a5e80000)
 ParOldGen       total 87552K, used 1344K [0x0000000740000000, 0x0000000745580000, 0x0000000795580000)
  object space 87552K, 1% used [0x0000000740000000,0x0000000740150360,0x0000000745580000)
 Metaspace       used 6588K, capacity 6753K, committed 6912K, reserved 1056768K
  class space    used 652K, capacity 697K, committed 768K, reserved 1048576K
Event: 1.464 GC heap after
Heap after GC invocations=8 (full 0):
 PSYoungGen      total 267776K, used 1466K [0x0000000795580000, 0x00000007a5d80000, 0x00000007c0000000)
  eden space 266240K, 0% used [0x0000000795580000,0x0000000795580000,0x00000007a5980000)
  from space 1536K, 95% used [0x00000007a5c00000,0x00000007a5d6ea18,0x00000007a5d80000)
  to   space 2048K, 0% used [0x00000007a5980000,0x00000007a5980000,0x00000007a5b80000)
 ParOldGen       total 87552K, used 1488K [0x0000000740000000, 0x0000000745580000, 0x0000000795580000)
  object space 87552K, 1% used [0x0000000740000000,0x0000000740174360,0x0000000745580000)
 Metaspace       used 6588K, capacity 6753K, committed 6912K, reserved 1056768K
  class space    used 652K, capacity 697K, committed 768K, reserved 1048576K
}
Event: 2.296 GC heap before
{Heap before GC invocations=9 (full 0):
 PSYoungGen      total 267776K, used 225348K [0x0000000795580000, 0x00000007a5d80000, 0x00000007c0000000)
  eden space 266240K, 84% used [0x0000000795580000,0x00000007a30225e8,0x00000007a5980000)
  from space 1536K, 95% used [0x00000007a5c00000,0x00000007a5d6ea18,0x00000007a5d80000)
  to   space 2048K, 0% used [0x00000007a5980000,0x00000007a5980000,0x00000007a5b80000)
 ParOldGen       total 87552K, used 1488K [0x0000000740000000, 0x0000000745580000, 0x0000000795580000)
  object space 87552K, 1% used [0x0000000740000000,0x0000000740174360,0x0000000745580000)
 Metaspace       used 8102K, capacity 8325K, committed 8576K, reserved 1056768K
  class space    used 819K, capacity 859K, committed 896K, reserved 1048576K
Event: 2.377 GC heap after
Heap after GC invocations=9 (full 0):
 PSYoungGen      total 268288K, used 2046K [0x0000000795580000, 0x00000007b9680000, 0x00000007c0000000)
  eden space 266240K, 0% used [0x0000000795580000,0x0000000795580000,0x00000007a5980000)
  from space 2048K, 99% used [0x00000007a5980000,0x00000007a5b7fba0,0x00000007a5b80000)
  to   space 82432K, 0% used [0x00000007b4600000,0x00000007b4600000,0x00000007b9680000)
 ParOldGen       total 219648K, used 199349K [0x0000000740000000, 0x000000074d680000, 0x0000000795580000)
  object space 219648K, 90% used [0x0000000740000000,0x000000074c2ad728,0x000000074d680000)
 Metaspace       used 8102K, capacity 8325K, committed 8576K, reserved 1056768K
  class space    used 819K, capacity 859K, committed 896K, reserved 1048576K
}
Event: 2.377 GC heap before
{Heap before GC invocations=10 (full 1):
 PSYoungGen      total 268288K, used 2046K [0x0000000795580000, 0x00000007b9680000, 0x00000007c0000000)
  eden space 266240K, 0% used [0x0000000795580000,0x0000000795580000,0x00000007a5980000)
  from space 2048K, 99% used [0x00000007a5980000,0x00000007a5b7fba0,0x00000007a5b80000)
  to   space 82432K, 0% used [0x00000007b4600000,0x00000007b4600000,0x00000007b9680000)
 ParOldGen       total 219648K, used 199349K [0x0000000740000000, 0x000000074d680000, 0x0000000795580000)
  object space 219648K, 90% used [0x0000000740000000,0x000000074c2ad728,0x000000074d680000)
 Metaspace       used 8102K, capacity 8325K, committed 8576K, reserved 1056768K
  class space    used 819K, capacity 859K, committed 896K, reserved 1048576K
Event: 2.430 GC heap after
Heap after GC invocations=10 (full 1):
 PSYoungGen      total 268288K, used 0K [0x0000000795580000, 0x00000007b9680000, 0x00000007c0000000)
  eden space 266240K, 0% used [0x0000000795580000,0x0000000795580000,0x00000007a5980000)
  from space 2048K, 0% used [0x00000007a5980000,0x00000007a5980000,0x00000007a5b80000)
  to   space 82432K, 0% used [0x00000007b4600000,0x00000007b4600000,0x00000007b9680000)
 ParOldGen       total 195584K, used 70300K [0x0000000740000000, 0x000000074bf00000, 0x0000000795580000)
  object space 195584K, 35% used [0x0000000740000000,0x00000007444a7010,0x000000074bf00000)
 Metaspace       used 8100K, capacity 8323K, committed 8576K, reserved 1056768K
  class space    used 818K, capacity 858K, committed 896K, reserved 1048576K
}

Deoptimization events (10 events):
Event: 3.650 Thread 0x00007fcbe2800000 Uncommon trap: reason=class_check action=maybe_recompile pc=0x00000001023e6e98 method=java.util.Scanner.close()V @ 12
Event: 3.650 Thread 0x00007fcbe2800000 Uncommon trap: reason=bimorphic action=maybe_recompile pc=0x000000010236b158 method=java.util.regex.Pattern$Curly.match0(Ljava/util/regex/Matcher;IILjava/lang/CharSequence;)Z @ 77
Event: 3.650 Thread 0x00007fcbe2800000 Uncommon trap: reason=bimorphic action=maybe_recompile pc=0x000000010236b158 method=java.util.regex.Pattern$Curly.match0(Ljava/util/regex/Matcher;IILjava/lang/CharSequence;)Z @ 77
Event: 3.650 Thread 0x00007fcbe2800000 Uncommon trap: reason=bimorphic action=maybe_recompile pc=0x000000010236b158 method=java.util.regex.Pattern$Curly.match0(Ljava/util/regex/Matcher;IILjava/lang/CharSequence;)Z @ 77
Event: 3.650 Thread 0x00007fcbe2800000 Uncommon trap: reason=bimorphic action=maybe_recompile pc=0x00000001023573a8 method=java.util.regex.Pattern$Curly.match0(Ljava/util/regex/Matcher;IILjava/lang/CharSequence;)Z @ 77
Event: 3.650 Thread 0x00007fcbe2800000 Uncommon trap: reason=bimorphic action=maybe_recompile pc=0x0000000102385620 method=java.util.regex.Pattern$Curly.match0(Ljava/util/regex/Matcher;IILjava/lang/CharSequence;)Z @ 77
Event: 3.650 Thread 0x00007fcbe2800000 Uncommon trap: reason=class_check action=maybe_recompile pc=0x00000001023e6e98 method=java.util.Scanner.close()V @ 12
Event: 3.656 Thread 0x00007fcbe2800000 Uncommon trap: reason=class_check action=maybe_recompile pc=0x00000001023e6e98 method=java.util.Scanner.close()V @ 12
Event: 3.772 Thread 0x00007fcbe2800000 Uncommon trap: reason=class_check action=maybe_recompile pc=0x00000001024d3b38 method=java.util.zip.InflaterInputStream.read([BII)I @ 100
Event: 3.774 Thread 0x00007fcbe2800000 Uncommon trap: reason=class_check action=maybe_recompile pc=0x00000001024d3b38 method=java.util.zip.InflaterInputStream.read([BII)I @ 100

Internal exceptions (10 events):
Event: 0.581 Thread 0x00007fcbe2800000 Exception <a 'java/security/PrivilegedActionException'> (0x0000000795c94fc0) thrown at [/HUDSON3/workspace/8-2-build-macosx-x86_64/jdk8u25/1514/hotspot/src/share/vm/prims/jvm.cpp, line 1312]
Event: 1.566 Thread 0x00007fcbe2800000 Exception <a 'java/security/PrivilegedActionException'> (0x000000079a3dac78) thrown at [/HUDSON3/workspace/8-2-build-macosx-x86_64/jdk8u25/1514/hotspot/src/share/vm/prims/jvm.cpp, line 1312]
Event: 1.567 Thread 0x00007fcbe2800000 Exception <a 'java/security/PrivilegedActionException'> (0x000000079a3ddfb8) thrown at [/HUDSON3/workspace/8-2-build-macosx-x86_64/jdk8u25/1514/hotspot/src/share/vm/prims/jvm.cpp, line 1312]
Event: 3.646 Thread 0x00007fcbe2800000 Exception <a 'java/security/PrivilegedActionException'> (0x000000079969b018) thrown at [/HUDSON3/workspace/8-2-build-macosx-x86_64/jdk8u25/1514/hotspot/src/share/vm/prims/jvm.cpp, line 1312]
Event: 3.647 Thread 0x00007fcbe2800000 Exception <a 'java/security/PrivilegedActionException'> (0x00000007996a8158) thrown at [/HUDSON3/workspace/8-2-build-macosx-x86_64/jdk8u25/1514/hotspot/src/share/vm/prims/jvm.cpp, line 1312]
Event: 3.649 Thread 0x00007fcbe2800000 Exception <a 'java/security/PrivilegedActionException'> (0x00000007996abbb0) thrown at [/HUDSON3/workspace/8-2-build-macosx-x86_64/jdk8u25/1514/hotspot/src/share/vm/prims/jvm.cpp, line 1312]
Event: 3.772 Thread 0x00007fcbe2800000 Exception <a 'java/security/PrivilegedActionException'> (0x000000079978c4c0) thrown at [/HUDSON3/workspace/8-2-build-macosx-x86_64/jdk8u25/1514/hotspot/src/share/vm/prims/jvm.cpp, line 1312]
Event: 3.773 Thread 0x00007fcbe2800000 Exception <a 'java/security/PrivilegedActionException'> (0x0000000799796938) thrown at [/HUDSON3/workspace/8-2-build-macosx-x86_64/jdk8u25/1514/hotspot/src/share/vm/prims/jvm.cpp, line 1312]
Event: 3.774 Thread 0x00007fcbe2800000 Exception <a 'java/security/PrivilegedActionException'> (0x000000079979a380) thrown at [/HUDSON3/workspace/8-2-build-macosx-x86_64/jdk8u25/1514/hotspot/src/share/vm/prims/jvm.cpp, line 1312]
Event: 6.315 Thread 0x00007fcbe2800000 Exception <a 'java/security/PrivilegedActionException'> (0x00000007997d46a0) thrown at [/HUDSON3/workspace/8-2-build-macosx-x86_64/jdk8u25/1514/hotspot/src/share/vm/prims/jvm.cpp, line 1312]

Events (10 events):
Event: 3.774 Thread 0x00007fcbe2800000 Uncommon trap: trap_request=0xffffffde fr.pc=0x00000001024d3b38
Event: 3.774 Thread 0x00007fcbe2800000 DEOPT PACKING pc=0x00000001024d3b38 sp=0x0000000100992b00
Event: 3.774 Thread 0x00007fcbe2800000 DEOPT UNPACKING pc=0x0000000102120f69 sp=0x0000000100992b48 mode 2
Event: 3.774 loading class deferred/Panel
Event: 3.774 loading class deferred/Panel done
Event: 4.116 Executing VM operation: EnableBiasedLocking
Event: 4.116 Executing VM operation: EnableBiasedLocking done
Event: 4.170 Thread 0x00007fcbe29f2800 Thread added: 0x00007fcbe29f2800
Event: 6.315 loading class org/lwjgl/opengl/CallbackUtil
Event: 6.315 loading class org/lwjgl/opengl/CallbackUtil done


Dynamic libraries:
0x000000000ae47000 	/System/Library/Frameworks/Cocoa.framework/Versions/A/Cocoa
0x000000000ae47000 	/System/Library/Frameworks/Security.framework/Versions/A/Security
0x000000000ae47000 	/System/Library/Frameworks/ApplicationServices.framework/Versions/A/ApplicationServices
0x000000000ae47000 	/usr/lib/libz.1.dylib
0x000000000ae47000 	/usr/lib/libSystem.B.dylib
0x000000000ae47000 	/usr/lib/libobjc.A.dylib
0x000000000ae47000 	/System/Library/Frameworks/CoreFoundation.framework/Versions/A/CoreFoundation
0x000000000ae47000 	/System/Library/Frameworks/Foundation.framework/Versions/C/Foundation
0x000000000ae47000 	/System/Library/Frameworks/AppKit.framework/Versions/C/AppKit
0x000000000ae47000 	/System/Library/Frameworks/CoreData.framework/Versions/A/CoreData
0x000000000ae47000 	/System/Library/PrivateFrameworks/RemoteViewServices.framework/Versions/A/RemoteViewServices
0x000000000ae47000 	/System/Library/PrivateFrameworks/UIFoundation.framework/Versions/A/UIFoundation
0x000000000ae47000 	/System/Library/Frameworks/IOSurface.framework/Versions/A/IOSurface
0x000000000ae47000 	/System/Library/Frameworks/AudioToolbox.framework/Versions/A/AudioToolbox
0x000000000ae47000 	/System/Library/Frameworks/AudioUnit.framework/Versions/A/AudioUnit
0x000000000ae47000 	/System/Library/PrivateFrameworks/DataDetectorsCore.framework/Versions/A/DataDetectorsCore
0x000000000ae47000 	/System/Library/PrivateFrameworks/DesktopServicesPriv.framework/Versions/A/DesktopServicesPriv
0x000000000ae47000 	/System/Library/Frameworks/Carbon.framework/Versions/A/Frameworks/HIToolbox.framework/Versions/A/HIToolbox
0x000000000ae47000 	/System/Library/Frameworks/QuartzCore.framework/Versions/A/QuartzCore
0x000000000ae47000 	/System/Library/Frameworks/Carbon.framework/Versions/A/Frameworks/SpeechRecognition.framework/Versions/A/SpeechRecognition
0x000000000ae47000 	/usr/lib/libauto.dylib
0x000000000ae47000 	/usr/lib/libicucore.A.dylib
0x000000000ae47000 	/usr/lib/libxml2.2.dylib
0x000000000ae47000 	/System/Library/PrivateFrameworks/CoreUI.framework/Versions/A/CoreUI
0x000000000ae47000 	/System/Library/Frameworks/CoreAudio.framework/Versions/A/CoreAudio
0x000000000ae47000 	/System/Library/Frameworks/DiskArbitration.framework/Versions/A/DiskArbitration
0x000000000ae47000 	/usr/lib/liblangid.dylib
0x000000000ae47000 	/System/Library/PrivateFrameworks/MultitouchSupport.framework/Versions/A/MultitouchSupport
0x000000000ae47000 	/System/Library/Frameworks/IOKit.framework/Versions/A/IOKit
0x000000000ae47000 	/usr/lib/libDiagnosticMessagesClient.dylib
0x000000000ae47000 	/System/Library/Frameworks/CoreServices.framework/Versions/A/CoreServices
0x000000000ae47000 	/System/Library/PrivateFrameworks/PerformanceAnalysis.framework/Versions/A/PerformanceAnalysis
0x000000000ae47000 	/System/Library/PrivateFrameworks/GenerationalStorage.framework/Versions/A/GenerationalStorage
0x000000000ae47000 	/System/Library/Frameworks/OpenGL.framework/Versions/A/OpenGL
0x000000000ae47000 	/System/Library/PrivateFrameworks/Sharing.framework/Versions/A/Sharing
0x000000000ae47000 	/System/Library/Frameworks/CoreGraphics.framework/Versions/A/CoreGraphics
0x000000000ae47000 	/System/Library/Frameworks/CoreText.framework/Versions/A/CoreText
0x000000000ae47000 	/System/Library/Frameworks/ImageIO.framework/Versions/A/ImageIO
0x000000000ae47000 	/usr/lib/libextension.dylib
0x000000000ae47000 	/System/Library/PrivateFrameworks/Backup.framework/Versions/A/Backup
0x000000000ae47000 	/usr/lib/libarchive.2.dylib
0x000000000ae47000 	/System/Library/Frameworks/CFNetwork.framework/Versions/A/CFNetwork
0x000000000ae47000 	/System/Library/Frameworks/SystemConfiguration.framework/Versions/A/SystemConfiguration
0x000000000ae47000 	/usr/lib/libCRFSuite.dylib
0x000000000ae47000 	/usr/lib/libc++.1.dylib
0x000000000ae47000 	/usr/lib/libc++abi.dylib
0x000000000ae47000 	/usr/lib/system/libcache.dylib
0x000000000ae47000 	/usr/lib/system/libcommonCrypto.dylib
0x000000000ae47000 	/usr/lib/system/libcompiler_rt.dylib
0x000000000ae47000 	/usr/lib/system/libcopyfile.dylib
0x000000000ae47000 	/usr/lib/system/libcorecrypto.dylib
0x000000000ae47000 	/usr/lib/system/libdispatch.dylib
0x000000000ae47000 	/usr/lib/system/libdyld.dylib
0x000000000ae47000 	/usr/lib/system/libkeymgr.dylib
0x000000000ae47000 	/usr/lib/system/liblaunch.dylib
0x000000000ae47000 	/usr/lib/system/libmacho.dylib
0x000000000ae47000 	/usr/lib/system/libquarantine.dylib
0x000000000ae47000 	/usr/lib/system/libremovefile.dylib
0x000000000ae47000 	/usr/lib/system/libsystem_asl.dylib
0x000000000ae47000 	/usr/lib/system/libsystem_blocks.dylib
0x000000000ae47000 	/usr/lib/system/libsystem_c.dylib
0x000000000ae47000 	/usr/lib/system/libsystem_configuration.dylib
0x000000000ae47000 	/usr/lib/system/libsystem_coreservices.dylib
0x000000000ae47000 	/usr/lib/system/libsystem_coretls.dylib
0x000000000ae47000 	/usr/lib/system/libsystem_dnssd.dylib
0x000000000ae47000 	/usr/lib/system/libsystem_info.dylib
0x000000000ae47000 	/usr/lib/system/libsystem_kernel.dylib
0x000000000ae47000 	/usr/lib/system/libsystem_m.dylib
0x000000000ae47000 	/usr/lib/system/libsystem_malloc.dylib
0x000000000ae47000 	/usr/lib/system/libsystem_network.dylib
0x000000000ae47000 	/usr/lib/system/libsystem_networkextension.dylib
0x000000000ae47000 	/usr/lib/system/libsystem_notify.dylib
0x000000000ae47000 	/usr/lib/system/libsystem_platform.dylib
0x000000000ae47000 	/usr/lib/system/libsystem_pthread.dylib
0x000000000ae47000 	/usr/lib/system/libsystem_sandbox.dylib
0x000000000ae47000 	/usr/lib/system/libsystem_secinit.dylib
0x000000000ae47000 	/usr/lib/system/libsystem_stats.dylib
0x000000000ae47000 	/usr/lib/system/libsystem_trace.dylib
0x000000000ae47000 	/usr/lib/system/libunc.dylib
0x000000000ae47000 	/usr/lib/system/libunwind.dylib
0x000000000ae47000 	/usr/lib/system/libxpc.dylib
0x000000000ae47000 	/usr/lib/libbz2.1.0.dylib
0x000000000ae47000 	/usr/lib/liblzma.5.dylib
0x000000000ae47000 	/usr/lib/libbsm.0.dylib
0x000000000ae47000 	/usr/lib/libsqlite3.dylib
0x000000000ae47000 	/usr/lib/system/libkxld.dylib
0x000000000ae47000 	/usr/lib/libxar.1.dylib
0x000000000ae47000 	/usr/lib/libpam.2.dylib
0x000000000ae47000 	/usr/lib/libOpenScriptingUtil.dylib
0x000000000ae47000 	/System/Library/Frameworks/CoreServices.framework/Versions/A/Frameworks/FSEvents.framework/Versions/A/FSEvents
0x000000000ae47000 	/System/Library/Frameworks/CoreServices.framework/Versions/A/Frameworks/CarbonCore.framework/Versions/A/CarbonCore
0x000000000ae47000 	/System/Library/Frameworks/CoreServices.framework/Versions/A/Frameworks/Metadata.framework/Versions/A/Metadata
0x000000000ae47000 	/System/Library/Frameworks/CoreServices.framework/Versions/A/Frameworks/OSServices.framework/Versions/A/OSServices
0x000000000ae47000 	/System/Library/Frameworks/CoreServices.framework/Versions/A/Frameworks/SearchKit.framework/Versions/A/SearchKit
0x000000000ae47000 	/System/Library/Frameworks/CoreServices.framework/Versions/A/Frameworks/AE.framework/Versions/A/AE
0x000000000ae47000 	/System/Library/Frameworks/CoreServices.framework/Versions/A/Frameworks/LaunchServices.framework/Versions/A/LaunchServices
0x000000000ae47000 	/System/Library/Frameworks/CoreServices.framework/Versions/A/Frameworks/DictionaryServices.framework/Versions/A/DictionaryServices
0x000000000ae47000 	/System/Library/Frameworks/NetFS.framework/Versions/A/NetFS
0x000000000ae47000 	/System/Library/PrivateFrameworks/NetAuth.framework/Versions/A/NetAuth
0x000000000ae47000 	/System/Library/PrivateFrameworks/login.framework/Versions/A/Frameworks/loginsupport.framework/Versions/A/loginsupport
0x000000000ae47000 	/System/Library/PrivateFrameworks/TCC.framework/Versions/A/TCC
0x000000000ae47000 	/usr/lib/libmecabra.dylib
0x000000000ae47000 	/System/Library/Frameworks/ApplicationServices.framework/Versions/A/Frameworks/ATS.framework/Versions/A/ATS
0x000000000ae47000 	/System/Library/Frameworks/ApplicationServices.framework/Versions/A/Frameworks/ColorSync.framework/Versions/A/ColorSync
0x000000000ae47000 	/System/Library/Frameworks/ApplicationServices.framework/Versions/A/Frameworks/HIServices.framework/Versions/A/HIServices
0x000000000ae47000 	/System/Library/Frameworks/ApplicationServices.framework/Versions/A/Frameworks/LangAnalysis.framework/Versions/A/LangAnalysis
0x000000000ae47000 	/System/Library/Frameworks/ApplicationServices.framework/Versions/A/Frameworks/PrintCore.framework/Versions/A/PrintCore
0x000000000ae47000 	/System/Library/Frameworks/ApplicationServices.framework/Versions/A/Frameworks/QD.framework/Versions/A/QD
0x000000000ae47000 	/System/Library/Frameworks/ApplicationServices.framework/Versions/A/Frameworks/SpeechSynthesis.framework/Versions/A/SpeechSynthesis
0x000000000ae47000 	/System/Library/Frameworks/Accelerate.framework/Versions/A/Accelerate
0x000000000ae47000 	/System/Library/Frameworks/Accelerate.framework/Versions/A/Frameworks/vImage.framework/Versions/A/vImage
0x000000000ae47000 	/System/Library/Frameworks/Accelerate.framework/Versions/A/Frameworks/vecLib.framework/Versions/A/vecLib
0x000000000ae47000 	/System/Library/Frameworks/Accelerate.framework/Versions/A/Frameworks/vecLib.framework/Versions/A/libvDSP.dylib
0x000000000ae47000 	/System/Library/Frameworks/Accelerate.framework/Versions/A/Frameworks/vecLib.framework/Versions/A/libvMisc.dylib
0x000000000ae47000 	/System/Library/Frameworks/Accelerate.framework/Versions/A/Frameworks/vecLib.framework/Versions/A/libLAPACK.dylib
0x000000000ae47000 	/System/Library/Frameworks/Accelerate.framework/Versions/A/Frameworks/vecLib.framework/Versions/A/libBLAS.dylib
0x000000000ae47000 	/System/Library/Frameworks/Accelerate.framework/Versions/A/Frameworks/vecLib.framework/Versions/A/libLinearAlgebra.dylib
0x000000000ae47000 	/System/Library/Frameworks/ApplicationServices.framework/Versions/A/Frameworks/ATS.framework/Versions/A/Resources/libFontParser.dylib
0x000000000ae47000 	/System/Library/Frameworks/ApplicationServices.framework/Versions/A/Frameworks/ATS.framework/Versions/A/Resources/libFontRegistry.dylib
0x000000000ae47000 	/System/Library/PrivateFrameworks/AppleVPA.framework/Versions/A/AppleVPA
0x000000000ae47000 	/System/Library/PrivateFrameworks/AppleJPEG.framework/Versions/A/AppleJPEG
0x000000000ae47000 	/System/Library/Frameworks/ImageIO.framework/Versions/A/Resources/libJPEG.dylib
0x000000000ae47000 	/System/Library/Frameworks/ImageIO.framework/Versions/A/Resources/libTIFF.dylib
0x000000000ae47000 	/System/Library/Frameworks/ImageIO.framework/Versions/A/Resources/libPng.dylib
0x000000000ae47000 	/System/Library/Frameworks/ImageIO.framework/Versions/A/Resources/libGIF.dylib
0x000000000ae47000 	/System/Library/Frameworks/ImageIO.framework/Versions/A/Resources/libJP2.dylib
0x000000000ae47000 	/System/Library/Frameworks/ImageIO.framework/Versions/A/Resources/libRadiance.dylib
0x000000000ae47000 	/System/Library/Frameworks/CoreVideo.framework/Versions/A/CoreVideo
0x000000000ae47000 	/System/Library/Frameworks/OpenGL.framework/Versions/A/Libraries/libGLU.dylib
0x000000000ae47000 	/System/Library/Frameworks/OpenGL.framework/Versions/A/Libraries/libGFXShared.dylib
0x000000000ae47000 	/System/Library/Frameworks/OpenGL.framework/Versions/A/Libraries/libGL.dylib
0x000000000ae47000 	/System/Library/Frameworks/OpenGL.framework/Versions/A/Libraries/libGLImage.dylib
0x000000000ae47000 	/System/Library/Frameworks/OpenGL.framework/Versions/A/Libraries/libCVMSPluginSupport.dylib
0x000000000ae47000 	/System/Library/Frameworks/OpenGL.framework/Versions/A/Libraries/libCoreVMClient.dylib
0x000000000ae47000 	/usr/lib/libcups.2.dylib
0x000000000ae47000 	/System/Library/Frameworks/Kerberos.framework/Versions/A/Kerberos
0x000000000ae47000 	/System/Library/Frameworks/GSS.framework/Versions/A/GSS
0x000000000ae47000 	/usr/lib/libresolv.9.dylib
0x000000000ae47000 	/usr/lib/libiconv.2.dylib
0x000000000ae47000 	/System/Library/PrivateFrameworks/Heimdal.framework/Versions/A/Heimdal
0x000000000ae47000 	/usr/lib/libheimdal-asn1.dylib
0x000000000ae47000 	/System/Library/Frameworks/OpenDirectory.framework/Versions/A/OpenDirectory
0x000000000ae47000 	/System/Library/PrivateFrameworks/CommonAuth.framework/Versions/A/CommonAuth
0x000000000ae47000 	/System/Library/Frameworks/OpenDirectory.framework/Versions/A/Frameworks/CFOpenDirectory.framework/Versions/A/CFOpenDirectory
0x000000000ae47000 	/System/Library/Frameworks/SecurityFoundation.framework/Versions/A/SecurityFoundation
0x000000000ae47000 	/System/Library/PrivateFrameworks/LanguageModeling.framework/Versions/A/LanguageModeling
0x000000000ae47000 	/usr/lib/libcmph.dylib
0x000000000ae47000 	/System/Library/Frameworks/ServiceManagement.framework/Versions/A/ServiceManagement
0x000000000ae47000 	/usr/lib/libxslt.1.dylib
0x000000000ae47000 	/System/Library/Frameworks/Carbon.framework/Versions/A/Frameworks/Ink.framework/Versions/A/Ink
0x000000000ae47000 	/System/Library/Frameworks/QuartzCore.framework/Versions/A/Frameworks/CoreImage.framework/Versions/A/CoreImage
0x000000000ae47000 	/System/Library/PrivateFrameworks/CrashReporterSupport.framework/Versions/A/CrashReporterSupport
0x000000000ae47000 	/System/Library/Frameworks/OpenCL.framework/Versions/A/OpenCL
0x000000000ae47000 	/System/Library/PrivateFrameworks/FaceCore.framework/Versions/A/FaceCore
0x000000000ae47000 	/System/Library/PrivateFrameworks/Ubiquity.framework/Versions/A/Ubiquity
0x000000000ae47000 	/System/Library/PrivateFrameworks/IconServices.framework/Versions/A/IconServices
0x000000000ae47000 	/System/Library/PrivateFrameworks/ChunkingLibrary.framework/Versions/A/ChunkingLibrary
0x000000000ae47000 	/System/Library/PrivateFrameworks/Apple80211.framework/Versions/A/Apple80211
0x000000000ae47000 	/System/Library/Frameworks/CoreWLAN.framework/Versions/A/CoreWLAN
0x000000000ae47000 	/System/Library/Frameworks/IOBluetooth.framework/Versions/A/IOBluetooth
0x000000000ae47000 	/System/Library/PrivateFrameworks/CoreWiFi.framework/Versions/A/CoreWiFi
0x000000000ae47000 	/System/Library/Frameworks/CoreBluetooth.framework/Versions/A/CoreBluetooth
0x000000000ae47000 	/System/Library/PrivateFrameworks/DebugSymbols.framework/Versions/A/DebugSymbols
0x000000000ae47000 	/System/Library/PrivateFrameworks/CoreSymbolication.framework/Versions/A/CoreSymbolication
0x000000000ae47000 	/System/Library/PrivateFrameworks/Symbolication.framework/Versions/A/Symbolication
0x000000000ae47000 	/System/Library/PrivateFrameworks/SpeechRecognitionCore.framework/Versions/A/SpeechRecognitionCore
0x0000000101200000 	/Library/Java/JavaVirtualMachines/jdk1.8.0_25.jdk/Contents/Home/jre/lib/server/libjvm.dylib
0x000000000ae47000 	/usr/lib/libstdc++.6.dylib
0x0000000100998000 	/Library/Java/JavaVirtualMachines/jdk1.8.0_25.jdk/Contents/Home/jre/lib/libverify.dylib
0x00000001009a6000 	/Library/Java/JavaVirtualMachines/jdk1.8.0_25.jdk/Contents/Home/jre/lib/libjava.dylib
0x00000001009e4000 	/Library/Java/JavaVirtualMachines/jdk1.8.0_25.jdk/Contents/Home/jre/lib/libzip.dylib
0x0000000118190000 	/System/Library/Frameworks/JavaVM.framework/Frameworks/JavaRuntimeSupport.framework/JavaRuntimeSupport
0x00000001181a8000 	/System/Library/Frameworks/JavaVM.framework/Versions/A/Frameworks/JavaNativeFoundation.framework/Versions/A/JavaNativeFoundation
0x00000001009ee000 	/System/Library/Frameworks/JavaVM.framework/Versions/A/JavaVM
0x000000000ae47000 	/System/Library/Frameworks/Carbon.framework/Versions/A/Carbon
0x00000001181bd000 	/System/Library/PrivateFrameworks/JavaLaunching.framework/Versions/A/JavaLaunching
0x000000000ae47000 	/System/Library/Frameworks/Carbon.framework/Versions/A/Frameworks/CommonPanels.framework/Versions/A/CommonPanels
0x000000000ae47000 	/System/Library/Frameworks/Carbon.framework/Versions/A/Frameworks/Help.framework/Versions/A/Help
0x000000000ae47000 	/System/Library/Frameworks/Carbon.framework/Versions/A/Frameworks/ImageCapture.framework/Versions/A/ImageCapture
0x000000000ae47000 	/System/Library/Frameworks/Carbon.framework/Versions/A/Frameworks/OpenScripting.framework/Versions/A/OpenScripting
0x000000000ae47000 	/System/Library/Frameworks/Carbon.framework/Versions/A/Frameworks/Print.framework/Versions/A/Print
0x000000000ae47000 	/System/Library/Frameworks/Carbon.framework/Versions/A/Frameworks/SecurityHI.framework/Versions/A/SecurityHI
0x000000011a021000 	/Library/Java/JavaVirtualMachines/jdk1.8.0_25.jdk/Contents/Home/jre/lib/libawt.dylib
0x000000011a0d0000 	/Library/Java/JavaVirtualMachines/jdk1.8.0_25.jdk/Contents/Home/jre/lib/./libmlib_image.dylib
0x000000011a19c000 	/Library/Java/JavaVirtualMachines/jdk1.8.0_25.jdk/Contents/Home/jre/lib/libawt_lwawt.dylib
0x000000011a24f000 	/Library/Java/JavaVirtualMachines/jdk1.8.0_25.jdk/Contents/Home/jre/lib/./libosxapp.dylib
0x000000000ae47000 	/System/Library/Frameworks/ExceptionHandling.framework/Versions/A/ExceptionHandling
0x000000000ae47000 	/System/Library/PrivateFrameworks/CoreServicesInternal.framework/Versions/A/CoreServicesInternal
0x000000000ae47000 	/System/Library/PrivateFrameworks/CloudDocs.framework/Versions/A/CloudDocs
0x000000000ae47000 	/System/Library/PrivateFrameworks/CoreDuet.framework/Versions/A/CoreDuet
0x000000000ae47000 	/System/Library/Frameworks/CloudKit.framework/Versions/A/CloudKit
0x000000000ae47000 	/System/Library/PrivateFrameworks/ProtocolBuffer.framework/Versions/A/ProtocolBuffer
0x000000000ae47000 	/System/Library/PrivateFrameworks/CoreDuetDaemonProtocol.framework/Versions/A/CoreDuetDaemonProtocol
0x000000000ae47000 	/System/Library/PrivateFrameworks/CoreDuetDebugLogging.framework/Versions/A/CoreDuetDebugLogging
0x000000000ae47000 	/System/Library/Frameworks/CoreLocation.framework/Versions/A/CoreLocation
0x000000000ae47000 	/System/Library/Frameworks/Accounts.framework/Versions/A/Accounts
0x000000000ae47000 	/System/Library/PrivateFrameworks/ApplePushService.framework/Versions/A/ApplePushService
0x000000000ae47000 	/System/Library/PrivateFrameworks/GeoServices.framework/Versions/A/GeoServices
0x000000000ae47000 	/System/Library/PrivateFrameworks/OAuth.framework/Versions/A/OAuth
0x000000000ae47000 	/System/Library/PrivateFrameworks/CoreDaemon.framework/Versions/B/CoreDaemon
0x000000000ae47000 	/usr/lib/libcrypto.0.9.8.dylib
0x000000000ae47000 	/System/Library/PrivateFrameworks/AppleSRP.framework/Versions/A/AppleSRP
0x000000000ae47000 	/System/Library/PrivateFrameworks/TrustEvaluationAgent.framework/Versions/A/TrustEvaluationAgent
0x000000000ae47000 	/System/Library/Frameworks/CoreGraphics.framework/Versions/A/Resources/libCGCMS.A.dylib
0x000000000ae47000 	/System/Library/Frameworks/CoreGraphics.framework/Versions/A/Resources/libRIP.A.dylib
0x000000000ae47000 	/System/Library/Frameworks/CoreGraphics.framework/Versions/A/Resources/libCGXType.A.dylib
0x000000000ae47000 	/System/Library/Frameworks/OpenCL.framework/Versions/A/Libraries/libcldcpuengine.dylib
0x000000000ae47000 	/System/Library/PrivateFrameworks/DiskImages.framework/Versions/A/DiskImages
0x000000000ae47000 	/System/Library/Frameworks/DiscRecording.framework/Versions/A/DiscRecording
0x000000000ae47000 	/usr/lib/libcsfde.dylib
0x000000000ae47000 	/usr/lib/libcurl.4.dylib
0x000000000ae47000 	/System/Library/PrivateFrameworks/MediaKit.framework/Versions/A/MediaKit
0x000000000ae47000 	/System/Library/PrivateFrameworks/ProtectedCloudStorage.framework/Versions/A/ProtectedCloudStorage
0x000000000ae47000 	/usr/lib/libCoreStorage.dylib
0x000000000ae47000 	/System/Library/PrivateFrameworks/EFILogin.framework/Versions/A/EFILogin
0x000000000ae47000 	/usr/lib/libutil.dylib
0x000000000ae47000 	/System/Library/PrivateFrameworks/FindMyDevice.framework/Versions/A/FindMyDevice
0x000000000ae47000 	/System/Library/Frameworks/LDAP.framework/Versions/A/LDAP
0x000000000ae47000 	/usr/lib/libsasl2.2.dylib
0x000000011a5c7000 	cl_kernels
0x000000011cdd6000 	/System/Library/Frameworks/OpenCL.framework/Versions/A/Libraries/ImageFormats/unorm8_bgra.dylib
0x000000011cf94000 	cl_kernels
0x000000000ae47000 	/System/Library/PrivateFrameworks/FamilyControls.framework/Versions/A/FamilyControls
0x000000000ae47000 	/System/Library/PrivateFrameworks/CommerceKit.framework/Versions/A/Frameworks/CommerceCore.framework/Versions/A/CommerceCore
0x000000000ae47000 	/System/Library/PrivateFrameworks/SystemAdministration.framework/Versions/A/SystemAdministration
0x000000000ae47000 	/System/Library/PrivateFrameworks/AppContainer.framework/Versions/A/AppContainer
0x000000000ae47000 	/System/Library/PrivateFrameworks/SecCodeWrapper.framework/Versions/A/SecCodeWrapper
0x000000000ae47000 	/System/Library/Frameworks/DirectoryService.framework/Versions/A/DirectoryService
0x000000000ae47000 	/System/Library/PrivateFrameworks/LoginUIKit.framework/Versions/A/Frameworks/LoginUICore.framework/Versions/A/LoginUICore
0x000000000ae47000 	/usr/lib/libodfde.dylib
0x000000011e034000 	/Library/Java/JavaVirtualMachines/jdk1.8.0_25.jdk/Contents/Home/jre/lib/libfontmanager.dylib
0x000000011e09b000 	/Users/mathiasjohansson/git/OpenGL-Screen-Space/liblwjgl.jnilib
0x000000011c326000 	/Library/Java/JavaVirtualMachines/jdk1.8.0_25.jdk/Contents/Home/jre/lib/libjawt.dylib
0x000000000ae47000 	/System/Library/Frameworks/OpenGL.framework/Versions/A/Resources/GLEngine.bundle/GLEngine
0x000000000ae47000 	/System/Library/Frameworks/OpenGL.framework/Versions/A/Libraries/libGLProgrammability.dylib
0x0000000000000000 	/System/Library/Extensions/AppleIntelHD5000GraphicsGLDriver.bundle/Contents/MacOS/AppleIntelHD5000GraphicsGLDriver
0x000000000ae47000 	/System/Library/PrivateFrameworks/IOAccelerator.framework/Versions/A/IOAccelerator
0x000000000ae47000 	/System/Library/PrivateFrameworks/GPUSupport.framework/Versions/A/Libraries/libGPUSupportMercury.dylib
0x000000000ae47000 	/System/Library/Frameworks/OpenGL.framework/Versions/A/Resources/GLRendererFloat.bundle/GLRendererFloat
0x000000011c174000 	/Library/Java/JavaVirtualMachines/jdk1.8.0_25.jdk/Contents/Home/jre/lib/libnio.dylib
0x000000011e11c000 	/Library/Java/JavaVirtualMachines/jdk1.8.0_25.jdk/Contents/Home/jre/lib/./libnet.dylib

VM Arguments:
jvm_args: -Dfile.encoding=UTF-8 
java_command: deferred.Deferred
java_class_path (initial): /Users/mathiasjohansson/git/OpenGL-Screen-Space/bin:/Users/mathiasjohansson/Documents/Programming/Java libraries/lwjgl-2.9.1/jar/lwjgl.jar:/Users/mathiasjohansson/Documents/Programming/Java libraries/lwjgl-2.9.1/jar/lwjgl_util.jar
Launcher Type: SUN_STANDARD

Environment Variables:
PATH=/usr/bin:/bin:/usr/sbin:/sbin
SHELL=/bin/bash

Signal Handlers:
SIGSEGV: [libjvm.dylib+0x579dc7], sa_mask[0]=11111111011111110111111111111111, sa_flags=SA_ONSTACK|SA_RESTART|SA_SIGINFO
SIGBUS: [libjvm.dylib+0x579dc7], sa_mask[0]=11111111011111110111111111111111, sa_flags=SA_RESTART|SA_SIGINFO
SIGFPE: [libjvm.dylib+0x45b030], sa_mask[0]=11111111011111110111111111111111, sa_flags=SA_RESTART|SA_SIGINFO
SIGPIPE: [libjvm.dylib+0x45b030], sa_mask[0]=11111111011111110111111111111111, sa_flags=SA_RESTART|SA_SIGINFO
SIGXFSZ: [libjvm.dylib+0x45b030], sa_mask[0]=11111111011111110111111111111111, sa_flags=SA_RESTART|SA_SIGINFO
SIGILL: [libjvm.dylib+0x45b030], sa_mask[0]=11111111011111110111111111111111, sa_flags=SA_RESTART|SA_SIGINFO
SIGUSR1: SIG_DFL, sa_mask[0]=00000000000000000000000000000000, sa_flags=none
SIGUSR2: [libjvm.dylib+0x45ab4e], sa_mask[0]=00100000000000000000000000000000, sa_flags=SA_RESTART|SA_SIGINFO
SIGHUP: [libjvm.dylib+0x459121], sa_mask[0]=11111111011111110111111111111111, sa_flags=SA_RESTART|SA_SIGINFO
SIGINT: [libjvm.dylib+0x459121], sa_mask[0]=11111111011111110111111111111111, sa_flags=SA_RESTART|SA_SIGINFO
SIGTERM: [libjvm.dylib+0x459121], sa_mask[0]=11111111011111110111111111111111, sa_flags=SA_RESTART|SA_SIGINFO
SIGQUIT: [libjvm.dylib+0x459121], sa_mask[0]=11111111011111110111111111111111, sa_flags=SA_RESTART|SA_SIGINFO


---------------  S Y S T E M  ---------------

OS:Bsduname:Darwin 14.1.0 Darwin Kernel Version 14.1.0: Mon Dec 22 23:10:38 PST 2014; root:xnu-2782.10.72~2/RELEASE_X86_64 x86_64
rlimit: STACK 8192k, CORE 0k, NPROC 709, NOFILE 10240, AS infinity
load average:2.32 2.06 1.99

CPU:total 4 (2 cores per cpu, 2 threads per core) family 6 model 69 stepping 1, cmov, cx8, fxsr, mmx, sse, sse2, sse3, ssse3, sse4.1, sse4.2, popcnt, avx, avx2, aes, clmul, erms, lzcnt, ht, tsc, tscinvbit, bmi1, bmi2

Memory: 4k page, physical 8388608k(319556k free)

/proc/meminfo:


vm_info: Java HotSpot(TM) 64-Bit Server VM (25.25-b02) for bsd-amd64 JRE (1.8.0_25-b17), built on Sep 17 2014 16:56:50 by "java_re" with gcc 4.2.1 (Based on Apple Inc. build 5658) (LLVM build 2336.11.00)

time: Mon Feb  9 14:30:13 2015
elapsed time: 6 seconds (0d 0h 0m 6s)

