#
# A fatal error has been detected by the Java Runtime Environment:
#
#  SIGSEGV (0xb) at pc=0x00007fff92bdb0dd, pid=57754, tid=1811
#
# JRE version: Java(TM) SE Runtime Environment (8.0_25-b17) (build 1.8.0_25-b17)
# Java VM: Java HotSpot(TM) 64-Bit Server VM (25.25-b02 mixed mode bsd-amd64 compressed oops)
# Problematic frame:
# C  [libobjc.A.dylib+0x10dd]  objc_msgSend+0x1d
#
# Failed to write core dump. Core dumps have been disabled. To enable core dumping, try "ulimit -c unlimited" before starting Java again
#
# If you would like to submit a bug report, please visit:
#   http://bugreport.sun.com/bugreport/crash.jsp
# The crash happened outside the Java Virtual Machine in native code.
# See problematic frame for where to report the bug.
#

---------------  T H R E A D  ---------------

Current thread (0x00007fdc62062000):  JavaThread "AppKit Thread" daemon [_thread_in_native, id=1811, stack(0x00007fff59101000,0x00007fff59901000)]

siginfo: si_signo: 11 (SIGSEGV), si_code: 1 (SEGV_MAPERR), si_addr: 0x000007fdc615de50

Registers:
RAX=0x00007fdc615abbc0, RBX=0x00007fff598fc908, RCX=0x0000000000000000, RDX=0x00007fdc614b62b0
RSP=0x00007fff598fc728, RBP=0x00007fff598fc730, RSI=0x00007fff8c7d22b4, RDI=0x00007fdc615abbc0
R8 =0x00007fff598fc710, R9 =0x0000000000000055, R10=0x00007fff8c7d22b4, R11=0x000007fdc615de38
R12=0x00007fdc61526b00, R13=0x00000000000f42e8, R14=0x00007fdc615e7d90, R15=0x00007fff598fc868
RIP=0x00007fff92bdb0dd, EFLAGS=0x0000000000010202, ERR=0x0000000000000004
  TRAPNO=0x000000000000000e

Top of Stack: (sp=0x00007fff598fc728)
0x00007fff598fc728:   00007fff92f6acdc 00007fff598fca90
0x00007fff598fc738:   00007fff92e5c244 00007fff598fc7bc
0x00007fff598fc748:   00007fff598fc7c0 00007fff598fc7c4
0x00007fff598fc758:   00007fff7cb2cc88 ffffffffffffffff
0x00007fff598fc768:   00000000000007f8 00007fff7cb2cca0
0x00007fff598fc778:   00007fdc615e7d90 0000000000000000
0x00007fff598fc788:   00007fff598fc860 0000000000000000
0x00007fff598fc798:   00007fdc61489980 00007fff598fc8e0
0x00007fff598fc7a8:   0000000000000055 00000000000f42ea
0x00007fff598fc7b8:   00007fdc614b62b0 00007fdc614893b0
0x00007fff598fc7c8:   00007fdc61526b00 0000000000000001
0x00007fff598fc7d8:   00000000000f42e8 00007fdc61526af0
0x00007fff598fc7e8:   00007fff96a607ba 00000001615e86d0
0x00007fff598fc7f8:   00007fff7bf3d0d0 0000000042000000
0x00007fff598fc808:   00007fff96a68e13 00007fff7caf71d0
0x00007fff598fc818:   00007fff598fc8e8 00007fff598fc840
0x00007fff598fc828:   00007fff598fc860 0000000000000000
0x00007fff598fc838:   0000000000000016 0002280300000001
0x00007fff598fc848:   00007fdc61526b24 0000000000000000
0x00007fff598fc858:   0000000000000000 00007fdc61489a00
0x00007fff598fc868:   00007fdc615e7d90 0000002000000000
0x00007fff598fc878:   0000000000000000 00007fff7bf3d0d0
0x00007fff598fc888:   0000000042000000 00007fff96ba110f
0x00007fff598fc898:   00007fff7caf72e0 00007fff598fc7f8
0x00007fff598fc8a8:   0000000000000000 00007fff598fc978
0x00007fff598fc8b8:   00007fff7b0415e0 00007fff598fc9b0
0x00007fff598fc8c8:   00007fff8f61bedc 00007fff598fc960
0x00007fff598fc8d8:   00007fff8c2a8353 0000000000000051
0x00007fff598fc8e8:   0000000000000000 00000000000f42e1
0x00007fff598fc8f8:   0000000000000053 0000000000000000
0x00007fff598fc908:   00000000000f42e8 00007fff598fc984
0x00007fff598fc918:   00000000003ccd01 00000000ffffffff 

Instructions: (pc=0x00007fff92bdb0dd)
0x00007fff92bdb0bd:   00 00 00 48 85 ff 2e 74 7a 40 f6 c7 01 2e 75 7e
0x00007fff92bdb0cd:   49 bb f8 ff ff ff ff 7f 00 00 4c 23 1f 49 89 f2
0x00007fff92bdb0dd:   45 23 53 18 49 c1 e2 04 4d 03 53 10 49 3b 32 75
0x00007fff92bdb0ed:   04 41 ff 62 08 49 83 3a 00 74 6a 4d 3b 53 10 74 

Register to memory mapping:

RAX=0x00007fdc615abbc0 is an unknown value
RBX=0x00007fff598fc908 is pointing into the stack for thread: 0x00007fdc62062000
RCX=0x0000000000000000 is an unknown value
RDX=0x00007fdc614b62b0 is an unknown value
RSP=0x00007fff598fc728 is pointing into the stack for thread: 0x00007fdc62062000
RBP=0x00007fff598fc730 is pointing into the stack for thread: 0x00007fdc62062000
RSI=0x00007fff8c7d22b4: -[NSTitlebarContainerView shouldRoundCorners]+0x5ced6 in /System/Library/Frameworks/AppKit.framework/Versions/C/AppKit at 0x00007fff8be01000
RDI=0x00007fdc615abbc0 is an unknown value
R8 =0x00007fff598fc710 is pointing into the stack for thread: 0x00007fdc62062000
R9 =0x0000000000000055 is an unknown value
R10=0x00007fff8c7d22b4: -[NSTitlebarContainerView shouldRoundCorners]+0x5ced6 in /System/Library/Frameworks/AppKit.framework/Versions/C/AppKit at 0x00007fff8be01000
R11=0x000007fdc615de38 is an unknown value
R12=0x00007fdc61526b00 is an unknown value
R13=0x00000000000f42e8 is an unknown value
R14=0x00007fdc615e7d90 is an unknown value
R15=0x00007fff598fc868 is pointing into the stack for thread: 0x00007fdc62062000


Stack: [0x00007fff59101000,0x00007fff59901000],  sp=0x00007fff598fc728,  free space=8173k
Native frames: (J=compiled Java code, j=interpreted, Vv=VM code, C=native code)
C  [libobjc.A.dylib+0x10dd]  objc_msgSend+0x1d
C  [CoreFoundation+0x10244]  _CFXNotificationPost+0xc44
C  [Foundation+0x2c31]  -[NSNotificationCenter postNotificationName:object:userInfo:]+0x42
C  [AppKit+0xdd776]  -[NSSurface _disposeSurface]+0x98
C  [AppKit+0xdd1da]  -[NSSurface setWindow:]+0x42
C  [AppKit+0x3b9ef]  -[NSView _setWindow:]+0xa22
C  [AppKit+0x3cc22]  -[NSView removeFromSuperview]+0x1c5
C  [AppKit+0x9140a]  -[NSView removeFromSuperviewWithoutNeedingDisplay]+0x26
C  [liblwjgl.jnilib+0x9c3e]  +[MacOSXKeyableWindow destroyWindow]+0xde
C  [Foundation+0x65cdc]  __NSThreadPerformPerform+0x125
C  [CoreFoundation+0x80681]  __CFRUNLOOP_IS_CALLING_OUT_TO_A_SOURCE0_PERFORM_FUNCTION__+0x11
C  [CoreFoundation+0x7280d]  __CFRunLoopDoSources0+0x10d
C  [CoreFoundation+0x71e3f]  __CFRunLoopRun+0x39f
C  [CoreFoundation+0x71858]  CFRunLoopRunSpecific+0x128
C  [HIToolbox+0x2eaef]  RunCurrentEventLoopInMode+0xeb
C  [HIToolbox+0x2e86a]  ReceiveNextEventCommon+0x1af
C  [HIToolbox+0x2e6ab]  _BlockUntilNextEventMatchingListInModeWithFilter+0x47
C  [AppKit+0x23f81]  _DPSNextEvent+0x3c4
C  [AppKit+0x23730]  -[NSApplication nextEventMatchingMask:untilDate:inMode:dequeue:]+0xc2
C  [libosxapp.dylib+0x242a]  -[NSApplicationAWT nextEventMatchingMask:untilDate:inMode:dequeue:]+0x7c
C  [AppKit+0x17593]  -[NSApplication run]+0x252
C  [libosxapp.dylib+0x223e]  +[NSApplicationAWT runAWTLoopWithApp:]+0x9c
C  [libawt_lwawt.dylib+0x4494f]  -[AWTStarter starter:]+0x389
C  [Foundation+0x65cdc]  __NSThreadPerformPerform+0x125
C  [CoreFoundation+0x80681]  __CFRUNLOOP_IS_CALLING_OUT_TO_A_SOURCE0_PERFORM_FUNCTION__+0x11
C  [CoreFoundation+0x7280d]  __CFRunLoopDoSources0+0x10d
C  [CoreFoundation+0x71e3f]  __CFRunLoopRun+0x39f
C  [CoreFoundation+0x71858]  CFRunLoopRunSpecific+0x128
C  [java+0x56cc]  CreateExecutionEnvironment+0x367
C  [java+0x165c]  JLI_Launch+0x7a0
C  [java+0x768a]  main+0x65
C  [java+0xeb4]  start+0x34
C  0x0000000000000005


---------------  P R O C E S S  ---------------

Java Threads: ( => current thread )
  0x00007fdc62c99000 JavaThread "AWT-Shutdown" [_thread_blocked, id=29455, stack(0x000000012770e000,0x000000012780e000)]
  0x00007fdc619ad800 JavaThread "Java2D Disposer" daemon [_thread_blocked, id=50443, stack(0x0000000127b43000,0x0000000127c43000)]
=>0x00007fdc62062000 JavaThread "AppKit Thread" daemon [_thread_in_native, id=1811, stack(0x00007fff59101000,0x00007fff59901000)]
  0x00007fdc6282c800 JavaThread "Service Thread" daemon [_thread_blocked, id=18179, stack(0x000000011f957000,0x000000011fa57000)]
  0x00007fdc61811000 JavaThread "C1 CompilerThread2" daemon [_thread_blocked, id=17667, stack(0x000000011f854000,0x000000011f954000)]
  0x00007fdc61810800 JavaThread "C2 CompilerThread1" daemon [_thread_blocked, id=17155, stack(0x000000011f751000,0x000000011f851000)]
  0x00007fdc6180e000 JavaThread "C2 CompilerThread0" daemon [_thread_blocked, id=16643, stack(0x000000011f64e000,0x000000011f74e000)]
  0x00007fdc6282c000 JavaThread "Signal Dispatcher" daemon [_thread_blocked, id=13075, stack(0x000000011f54b000,0x000000011f64b000)]
  0x00007fdc6201e800 JavaThread "Finalizer" daemon [_thread_blocked, id=11523, stack(0x000000011dc05000,0x000000011dd05000)]
  0x00007fdc61809000 JavaThread "Reference Handler" daemon [_thread_blocked, id=11011, stack(0x000000011db02000,0x000000011dc02000)]
  0x00007fdc62802800 JavaThread "main" [_thread_in_native, id=4867, stack(0x0000000107c01000,0x0000000107d01000)]

Other Threads:
  0x00007fdc62801000 VMThread [stack: 0x000000011d9ff000,0x000000011daff000] [id=10499]
  0x00007fdc62832800 WatcherThread [stack: 0x000000011fa5a000,0x000000011fb5a000] [id=18691]

VM state:not at safepoint (normal execution)

VM Mutex/Monitor currently owned by a thread: None

Heap:
 PSYoungGen      total 427008K, used 219354K [0x0000000795580000, 0x00000007afd80000, 0x00000007c0000000)
  eden space 424448K, 51% used [0x0000000795580000,0x00000007a2938ca0,0x00000007af400000)
  from space 2560K, 99% used [0x00000007af800000,0x00000007afa7de98,0x00000007afa80000)
  to   space 4096K, 0% used [0x00000007af400000,0x00000007af400000,0x00000007af800000)
 ParOldGen       total 87552K, used 4538K [0x0000000740000000, 0x0000000745580000, 0x0000000795580000)
  object space 87552K, 5% used [0x0000000740000000,0x000000074046e860,0x0000000745580000)
 Metaspace       used 8238K, capacity 8389K, committed 8576K, reserved 1056768K
  class space    used 823K, capacity 859K, committed 896K, reserved 1048576K

Card table byte_map: [0x00000001170c3000,0x00000001174c4000] byte_map_base: 0x00000001136c3000

Marking Bits: (ParMarkBitMap*) 0x0000000106c9a390
 Begin Bits: [0x0000000117b7b000, 0x0000000119b7b000)
 End Bits:   [0x0000000119b7b000, 0x000000011bb7b000)

Polling page: 0x0000000107372000

CodeCache: size=245760Kb used=4702Kb max_used=4713Kb free=241057Kb
 bounds [0x0000000107d03000, 0x00000001081a3000, 0x0000000116d03000]
 total_blobs=1476 nmethods=1033 adapters=358
 compilation: enabled

Compilation events (10 events):
Event: 8.021 Thread 0x00007fdc61811000 nmethod 1042 0x000000010819abd0 code [0x000000010819ad60, 0x000000010819b058]
Event: 8.203 Thread 0x00007fdc61811000 1044   !   3       java.util.WeakHashMap::expungeStaleEntries (139 bytes)
Event: 8.204 Thread 0x00007fdc61811000 nmethod 1044 0x000000010819b190 code [0x000000010819b360, 0x000000010819be88]
Event: 8.204 Thread 0x00007fdc61811000 1043       3       java.util.WeakHashMap::getTable (9 bytes)
Event: 8.204 Thread 0x00007fdc61811000 nmethod 1043 0x000000010819c4d0 code [0x000000010819c640, 0x000000010819c7e8]
Event: 8.204 Thread 0x00007fdc61811000 1045       3       java.util.WeakHashMap::maskNull (12 bytes)
Event: 8.204 Thread 0x00007fdc61811000 nmethod 1045 0x000000010819c890 code [0x000000010819ca00, 0x000000010819cb90]
Event: 8.204 Thread 0x00007fdc61811000 1046       3       java.util.WeakHashMap::hash (28 bytes)
Event: 8.205 Thread 0x00007fdc61811000 nmethod 1046 0x000000010819cc10 code [0x000000010819cd80, 0x000000010819cfc8]
Event: 8.205 Thread 0x00007fdc6180e000 1047       4       java.nio.DirectByteBuffer::put (18 bytes)

GC Heap History (10 events):
Event: 1.359 GC heap before
{Heap before GC invocations=6 (full 0):
 PSYoungGen      total 71680K, used 68201K [0x0000000795580000, 0x000000079db80000, 0x00000007c0000000)
  eden space 66560K, 100% used [0x0000000795580000,0x0000000799680000,0x0000000799680000)
  from space 5120K, 32% used [0x0000000799680000,0x000000079981a4f0,0x0000000799b80000)
  to   space 2048K, 0% used [0x000000079d980000,0x000000079d980000,0x000000079db80000)
 ParOldGen       total 87552K, used 32K [0x0000000740000000, 0x0000000745580000, 0x0000000795580000)
  object space 87552K, 0% used [0x0000000740000000,0x0000000740008000,0x0000000745580000)
 Metaspace       used 6551K, capacity 6689K, committed 6912K, reserved 1056768K
  class space    used 652K, capacity 697K, committed 768K, reserved 1048576K
Event: 1.363 GC heap after
Heap after GC invocations=6 (full 0):
 PSYoungGen      total 135168K, used 1803K [0x0000000795580000, 0x000000079db80000, 0x00000007c0000000)
  eden space 133120K, 0% used [0x0000000795580000,0x0000000795580000,0x000000079d780000)
  from space 2048K, 88% used [0x000000079d980000,0x000000079db42e30,0x000000079db80000)
  to   space 2048K, 0% used [0x000000079d780000,0x000000079d780000,0x000000079d980000)
 ParOldGen       total 87552K, used 40K [0x0000000740000000, 0x0000000745580000, 0x0000000795580000)
  object space 87552K, 0% used [0x0000000740000000,0x000000074000a000,0x0000000745580000)
 Metaspace       used 6551K, capacity 6689K, committed 6912K, reserved 1056768K
  class space    used 652K, capacity 697K, committed 768K, reserved 1048576K
}
Event: 1.634 GC heap before
{Heap before GC invocations=7 (full 0):
 PSYoungGen      total 135168K, used 134923K [0x0000000795580000, 0x000000079db80000, 0x00000007c0000000)
  eden space 133120K, 100% used [0x0000000795580000,0x000000079d780000,0x000000079d780000)
  from space 2048K, 88% used [0x000000079d980000,0x000000079db42e30,0x000000079db80000)
  to   space 2048K, 0% used [0x000000079d780000,0x000000079d780000,0x000000079d980000)
 ParOldGen       total 87552K, used 40K [0x0000000740000000, 0x0000000745580000, 0x0000000795580000)
  object space 87552K, 0% used [0x0000000740000000,0x000000074000a000,0x0000000745580000)
 Metaspace       used 6595K, capacity 6753K, committed 6912K, reserved 1056768K
  class space    used 652K, capacity 697K, committed 768K, reserved 1048576K
Event: 1.638 GC heap after
Heap after GC invocations=7 (full 0):
 PSYoungGen      total 135168K, used 919K [0x0000000795580000, 0x00000007a5e80000, 0x00000007c0000000)
  eden space 133120K, 0% used [0x0000000795580000,0x0000000795580000,0x000000079d780000)
  from space 2048K, 44% used [0x000000079d780000,0x000000079d865c40,0x000000079d980000)
  to   space 2560K, 0% used [0x00000007a5c00000,0x00000007a5c00000,0x00000007a5e80000)
 ParOldGen       total 87552K, used 1320K [0x0000000740000000, 0x0000000745580000, 0x0000000795580000)
  object space 87552K, 1% used [0x0000000740000000,0x000000074014a1b8,0x0000000745580000)
 Metaspace       used 6595K, capacity 6753K, committed 6912K, reserved 1056768K
  class space    used 652K, capacity 697K, committed 768K, reserved 1048576K
}
Event: 1.767 GC heap before
{Heap before GC invocations=8 (full 0):
 PSYoungGen      total 135168K, used 134039K [0x0000000795580000, 0x00000007a5e80000, 0x00000007c0000000)
  eden space 133120K, 100% used [0x0000000795580000,0x000000079d780000,0x000000079d780000)
  from space 2048K, 44% used [0x000000079d780000,0x000000079d865c40,0x000000079d980000)
  to   space 2560K, 0% used [0x00000007a5c00000,0x00000007a5c00000,0x00000007a5e80000)
 ParOldGen       total 87552K, used 1320K [0x0000000740000000, 0x0000000745580000, 0x0000000795580000)
  object space 87552K, 1% used [0x0000000740000000,0x000000074014a1b8,0x0000000745580000)
 Metaspace       used 6595K, capacity 6753K, committed 6912K, reserved 1056768K
  class space    used 652K, capacity 697K, committed 768K, reserved 1048576K
Event: 1.770 GC heap after
Heap after GC invocations=8 (full 0):
 PSYoungGen      total 267776K, used 1364K [0x0000000795580000, 0x00000007a5d80000, 0x00000007c0000000)
  eden space 266240K, 0% used [0x0000000795580000,0x0000000795580000,0x00000007a5980000)
  from space 1536K, 88% used [0x00000007a5c00000,0x00000007a5d55340,0x00000007a5d80000)
  to   space 2048K, 0% used [0x00000007a5980000,0x00000007a5980000,0x00000007a5b80000)
 ParOldGen       total 87552K, used 1493K [0x0000000740000000, 0x0000000745580000, 0x0000000795580000)
  object space 87552K, 1% used [0x0000000740000000,0x0000000740175430,0x0000000745580000)
 Metaspace       used 6595K, capacity 6753K, committed 6912K, reserved 1056768K
  class space    used 652K, capacity 697K, committed 768K, reserved 1048576K
}
Event: 2.052 GC heap before
{Heap before GC invocations=9 (full 0):
 PSYoungGen      total 267776K, used 267604K [0x0000000795580000, 0x00000007a5d80000, 0x00000007c0000000)
  eden space 266240K, 100% used [0x0000000795580000,0x00000007a5980000,0x00000007a5980000)
  from space 1536K, 88% used [0x00000007a5c00000,0x00000007a5d55340,0x00000007a5d80000)
  to   space 2048K, 0% used [0x00000007a5980000,0x00000007a5980000,0x00000007a5b80000)
 ParOldGen       total 87552K, used 1493K [0x0000000740000000, 0x0000000745580000, 0x0000000795580000)
  object space 87552K, 1% used [0x0000000740000000,0x0000000740175430,0x0000000745580000)
 Metaspace       used 6603K, capacity 6753K, committed 6912K, reserved 1056768K
  class space    used 652K, capacity 697K, committed 768K, reserved 1048576K
Event: 2.060 GC heap after
Heap after GC invocations=9 (full 0):
 PSYoungGen      total 268288K, used 2021K [0x0000000795580000, 0x00000007afa80000, 0x00000007c0000000)
  eden space 266240K, 0% used [0x0000000795580000,0x0000000795580000,0x00000007a5980000)
  from space 2048K, 98% used [0x00000007a5980000,0x00000007a5b795e0,0x00000007a5b80000)
  to   space 2560K, 0% used [0x00000007af800000,0x00000007af800000,0x00000007afa80000)
 ParOldGen       total 87552K, used 1891K [0x0000000740000000, 0x0000000745580000, 0x0000000795580000)
  object space 87552K, 2% used [0x0000000740000000,0x00000007401d8fd8,0x0000000745580000)
 Metaspace       used 6603K, capacity 6753K, committed 6912K, reserved 1056768K
  class space    used 652K, capacity 697K, committed 768K, reserved 1048576K
}
Event: 2.343 GC heap before
{Heap before GC invocations=10 (full 0):
 PSYoungGen      total 268288K, used 214008K [0x0000000795580000, 0x00000007afa80000, 0x00000007c0000000)
  eden space 266240K, 79% used [0x0000000795580000,0x00000007a2484b50,0x00000007a5980000)
  from space 2048K, 98% used [0x00000007a5980000,0x00000007a5b795e0,0x00000007a5b80000)
  to   space 2560K, 0% used [0x00000007af800000,0x00000007af800000,0x00000007afa80000)
 ParOldGen       total 87552K, used 1891K [0x0000000740000000, 0x0000000745580000, 0x0000000795580000)
  object space 87552K, 2% used [0x0000000740000000,0x00000007401d8fd8,0x0000000745580000)
 Metaspace       used 8077K, capacity 8261K, committed 8320K, reserved 1056768K
  class space    used 816K, capacity 859K, committed 896K, reserved 1048576K
Event: 2.350 GC heap after
Heap after GC invocations=10 (full 0):
 PSYoungGen      total 427008K, used 2551K [0x0000000795580000, 0x00000007afd80000, 0x00000007c0000000)
  eden space 424448K, 0% used [0x0000000795580000,0x0000000795580000,0x00000007af400000)
  from space 2560K, 99% used [0x00000007af800000,0x00000007afa7de98,0x00000007afa80000)
  to   space 4096K, 0% used [0x00000007af400000,0x00000007af400000,0x00000007af800000)
 ParOldGen       total 87552K, used 4538K [0x0000000740000000, 0x0000000745580000, 0x0000000795580000)
  object space 87552K, 5% used [0x0000000740000000,0x000000074046e860,0x0000000745580000)
 Metaspace       used 8077K, capacity 8261K, committed 8320K, reserved 1056768K
  class space    used 816K, capacity 859K, committed 896K, reserved 1048576K
}

Deoptimization events (10 events):
Event: 4.256 Thread 0x00007fdc62802800 Uncommon trap: reason=bimorphic action=maybe_recompile pc=0x0000000107fc4270 method=java.util.regex.Pattern$Curly.match0(Ljava/util/regex/Matcher;IILjava/lang/CharSequence;)Z @ 170
Event: 4.256 Thread 0x00007fdc62802800 Uncommon trap: reason=bimorphic action=maybe_recompile pc=0x0000000107fc4270 method=java.util.regex.Pattern$Curly.match0(Ljava/util/regex/Matcher;IILjava/lang/CharSequence;)Z @ 170
Event: 4.256 Thread 0x00007fdc62802800 Uncommon trap: reason=bimorphic action=maybe_recompile pc=0x0000000107f3a848 method=java.util.regex.Pattern$Curly.match0(Ljava/util/regex/Matcher;IILjava/lang/CharSequence;)Z @ 77
Event: 4.256 Thread 0x00007fdc62802800 Uncommon trap: reason=class_check action=maybe_recompile pc=0x0000000107fd8718 method=java.util.Scanner.close()V @ 12
Event: 4.257 Thread 0x00007fdc62802800 Uncommon trap: reason=bimorphic action=maybe_recompile pc=0x0000000107fdc3a4 method=java.util.regex.Pattern$Curly.match0(Ljava/util/regex/Matcher;IILjava/lang/CharSequence;)Z @ 170
Event: 4.257 Thread 0x00007fdc62802800 Uncommon trap: reason=bimorphic action=maybe_recompile pc=0x0000000107f3a848 method=java.util.regex.Pattern$Curly.match0(Ljava/util/regex/Matcher;IILjava/lang/CharSequence;)Z @ 77
Event: 4.257 Thread 0x00007fdc62802800 Uncommon trap: reason=class_check action=maybe_recompile pc=0x0000000107fd8718 method=java.util.Scanner.close()V @ 12
Event: 4.270 Thread 0x00007fdc62802800 Uncommon trap: reason=class_check action=maybe_recompile pc=0x0000000107fd8718 method=java.util.Scanner.close()V @ 12
Event: 4.426 Thread 0x00007fdc62802800 Uncommon trap: reason=class_check action=maybe_recompile pc=0x00000001080f3db8 method=java.util.zip.InflaterInputStream.read([BII)I @ 100
Event: 4.427 Thread 0x00007fdc62802800 Uncommon trap: reason=class_check action=maybe_recompile pc=0x00000001080f3db8 method=java.util.zip.InflaterInputStream.read([BII)I @ 100

Internal exceptions (10 events):
Event: 0.887 Thread 0x00007fdc62802800 Exception <a 'java/security/PrivilegedActionException'> (0x0000000795c95420) thrown at [/HUDSON3/workspace/8-2-build-macosx-x86_64/jdk8u25/1514/hotspot/src/share/vm/prims/jvm.cpp, line 1312]
Event: 2.190 Thread 0x00007fdc62802800 Exception <a 'java/security/PrivilegedActionException'> (0x00000007a20d2168) thrown at [/HUDSON3/workspace/8-2-build-macosx-x86_64/jdk8u25/1514/hotspot/src/share/vm/prims/jvm.cpp, line 1312]
Event: 2.191 Thread 0x00007fdc62802800 Exception <a 'java/security/PrivilegedActionException'> (0x00000007a20d54a8) thrown at [/HUDSON3/workspace/8-2-build-macosx-x86_64/jdk8u25/1514/hotspot/src/share/vm/prims/jvm.cpp, line 1312]
Event: 4.249 Thread 0x00007fdc62802800 Exception <a 'java/security/PrivilegedActionException'> (0x000000079db2d468) thrown at [/HUDSON3/workspace/8-2-build-macosx-x86_64/jdk8u25/1514/hotspot/src/share/vm/prims/jvm.cpp, line 1312]
Event: 4.251 Thread 0x00007fdc62802800 Exception <a 'java/security/PrivilegedActionException'> (0x000000079db3a5a8) thrown at [/HUDSON3/workspace/8-2-build-macosx-x86_64/jdk8u25/1514/hotspot/src/share/vm/prims/jvm.cpp, line 1312]
Event: 4.253 Thread 0x00007fdc62802800 Exception <a 'java/security/PrivilegedActionException'> (0x000000079db3e000) thrown at [/HUDSON3/workspace/8-2-build-macosx-x86_64/jdk8u25/1514/hotspot/src/share/vm/prims/jvm.cpp, line 1312]
Event: 4.425 Thread 0x00007fdc62802800 Exception <a 'java/security/PrivilegedActionException'> (0x000000079dc1f5a8) thrown at [/HUDSON3/workspace/8-2-build-macosx-x86_64/jdk8u25/1514/hotspot/src/share/vm/prims/jvm.cpp, line 1312]
Event: 4.426 Thread 0x00007fdc62802800 Exception <a 'java/security/PrivilegedActionException'> (0x000000079dc29a20) thrown at [/HUDSON3/workspace/8-2-build-macosx-x86_64/jdk8u25/1514/hotspot/src/share/vm/prims/jvm.cpp, line 1312]
Event: 4.427 Thread 0x00007fdc62802800 Exception <a 'java/security/PrivilegedActionException'> (0x000000079dc2d450) thrown at [/HUDSON3/workspace/8-2-build-macosx-x86_64/jdk8u25/1514/hotspot/src/share/vm/prims/jvm.cpp, line 1312]
Event: 8.202 Thread 0x00007fdc62802800 Exception <a 'java/security/PrivilegedActionException'> (0x000000079dc81c70) thrown at [/HUDSON3/workspace/8-2-build-macosx-x86_64/jdk8u25/1514/hotspot/src/share/vm/prims/jvm.cpp, line 1312]

Events (10 events):
Event: 4.426 loading class org/lwjgl/util/glu/GLUtessellator
Event: 4.426 loading class org/lwjgl/util/glu/GLUtessellator done
Event: 4.427 Thread 0x00007fdc62802800 Uncommon trap: trap_request=0xffffffde fr.pc=0x00000001080f3db8
Event: 4.427 Thread 0x00007fdc62802800 DEOPT PACKING pc=0x00000001080f3db8 sp=0x0000000107cfdb10
Event: 4.427 Thread 0x00007fdc62802800 DEOPT UNPACKING pc=0x0000000107d07f69 sp=0x0000000107cfdb58 mode 2
Event: 4.427 loading class deferred/Panel
Event: 4.427 loading class deferred/Panel done
Event: 4.683 Thread 0x00007fdc62c99000 Thread added: 0x00007fdc62c99000
Event: 8.202 loading class org/lwjgl/opengl/CallbackUtil
Event: 8.202 loading class org/lwjgl/opengl/CallbackUtil done


Dynamic libraries:
0x000000000ae47000 	/System/Library/Frameworks/Cocoa.framework/Versions/A/Cocoa
0x000000000ae47000 	/System/Library/Frameworks/Security.framework/Versions/A/Security
0x000000000ae47000 	/System/Library/Frameworks/ApplicationServices.framework/Versions/A/ApplicationServices
0x000000000ae47000 	/usr/lib/libz.1.dylib
0x000000000ae47000 	/usr/lib/libSystem.B.dylib
0x000000000ae47000 	/usr/lib/libobjc.A.dylib
0x000000000ae47000 	/System/Library/Frameworks/CoreFoundation.framework/Versions/A/CoreFoundation
0x000000000ae47000 	/System/Library/Frameworks/Foundation.framework/Versions/C/Foundation
0x000000000ae47000 	/System/Library/Frameworks/AppKit.framework/Versions/C/AppKit
0x000000000ae47000 	/System/Library/Frameworks/CoreData.framework/Versions/A/CoreData
0x000000000ae47000 	/System/Library/PrivateFrameworks/RemoteViewServices.framework/Versions/A/RemoteViewServices
0x000000000ae47000 	/System/Library/PrivateFrameworks/UIFoundation.framework/Versions/A/UIFoundation
0x000000000ae47000 	/System/Library/Frameworks/IOSurface.framework/Versions/A/IOSurface
0x000000000ae47000 	/System/Library/Frameworks/AudioToolbox.framework/Versions/A/AudioToolbox
0x000000000ae47000 	/System/Library/Frameworks/AudioUnit.framework/Versions/A/AudioUnit
0x000000000ae47000 	/System/Library/PrivateFrameworks/DataDetectorsCore.framework/Versions/A/DataDetectorsCore
0x000000000ae47000 	/System/Library/PrivateFrameworks/DesktopServicesPriv.framework/Versions/A/DesktopServicesPriv
0x000000000ae47000 	/System/Library/Frameworks/Carbon.framework/Versions/A/Frameworks/HIToolbox.framework/Versions/A/HIToolbox
0x000000000ae47000 	/System/Library/Frameworks/QuartzCore.framework/Versions/A/QuartzCore
0x000000000ae47000 	/System/Library/Frameworks/Carbon.framework/Versions/A/Frameworks/SpeechRecognition.framework/Versions/A/SpeechRecognition
0x000000000ae47000 	/usr/lib/libauto.dylib
0x000000000ae47000 	/usr/lib/libicucore.A.dylib
0x000000000ae47000 	/usr/lib/libxml2.2.dylib
0x000000000ae47000 	/System/Library/PrivateFrameworks/CoreUI.framework/Versions/A/CoreUI
0x000000000ae47000 	/System/Library/Frameworks/CoreAudio.framework/Versions/A/CoreAudio
0x000000000ae47000 	/System/Library/Frameworks/DiskArbitration.framework/Versions/A/DiskArbitration
0x000000000ae47000 	/usr/lib/liblangid.dylib
0x000000000ae47000 	/System/Library/PrivateFrameworks/MultitouchSupport.framework/Versions/A/MultitouchSupport
0x000000000ae47000 	/System/Library/Frameworks/IOKit.framework/Versions/A/IOKit
0x000000000ae47000 	/usr/lib/libDiagnosticMessagesClient.dylib
0x000000000ae47000 	/System/Library/Frameworks/CoreServices.framework/Versions/A/CoreServices
0x000000000ae47000 	/System/Library/PrivateFrameworks/PerformanceAnalysis.framework/Versions/A/PerformanceAnalysis
0x000000000ae47000 	/System/Library/PrivateFrameworks/GenerationalStorage.framework/Versions/A/GenerationalStorage
0x000000000ae47000 	/System/Library/Frameworks/OpenGL.framework/Versions/A/OpenGL
0x000000000ae47000 	/System/Library/PrivateFrameworks/Sharing.framework/Versions/A/Sharing
0x000000000ae47000 	/System/Library/Frameworks/CoreGraphics.framework/Versions/A/CoreGraphics
0x000000000ae47000 	/System/Library/Frameworks/CoreText.framework/Versions/A/CoreText
0x000000000ae47000 	/System/Library/Frameworks/ImageIO.framework/Versions/A/ImageIO
0x000000000ae47000 	/usr/lib/libextension.dylib
0x000000000ae47000 	/System/Library/PrivateFrameworks/Backup.framework/Versions/A/Backup
0x000000000ae47000 	/usr/lib/libarchive.2.dylib
0x000000000ae47000 	/System/Library/Frameworks/CFNetwork.framework/Versions/A/CFNetwork
0x000000000ae47000 	/System/Library/Frameworks/SystemConfiguration.framework/Versions/A/SystemConfiguration
0x000000000ae47000 	/usr/lib/libCRFSuite.dylib
0x000000000ae47000 	/usr/lib/libc++.1.dylib
0x000000000ae47000 	/usr/lib/libc++abi.dylib
0x000000000ae47000 	/usr/lib/system/libcache.dylib
0x000000000ae47000 	/usr/lib/system/libcommonCrypto.dylib
0x000000000ae47000 	/usr/lib/system/libcompiler_rt.dylib
0x000000000ae47000 	/usr/lib/system/libcopyfile.dylib
0x000000000ae47000 	/usr/lib/system/libcorecrypto.dylib
0x000000000ae47000 	/usr/lib/system/libdispatch.dylib
0x000000000ae47000 	/usr/lib/system/libdyld.dylib
0x000000000ae47000 	/usr/lib/system/libkeymgr.dylib
0x000000000ae47000 	/usr/lib/system/liblaunch.dylib
0x000000000ae47000 	/usr/lib/system/libmacho.dylib
0x000000000ae47000 	/usr/lib/system/libquarantine.dylib
0x000000000ae47000 	/usr/lib/system/libremovefile.dylib
0x000000000ae47000 	/usr/lib/system/libsystem_asl.dylib
0x000000000ae47000 	/usr/lib/system/libsystem_blocks.dylib
0x000000000ae47000 	/usr/lib/system/libsystem_c.dylib
0x000000000ae47000 	/usr/lib/system/libsystem_configuration.dylib
0x000000000ae47000 	/usr/lib/system/libsystem_coreservices.dylib
0x000000000ae47000 	/usr/lib/system/libsystem_coretls.dylib
0x000000000ae47000 	/usr/lib/system/libsystem_dnssd.dylib
0x000000000ae47000 	/usr/lib/system/libsystem_info.dylib
0x000000000ae47000 	/usr/lib/system/libsystem_kernel.dylib
0x000000000ae47000 	/usr/lib/system/libsystem_m.dylib
0x000000000ae47000 	/usr/lib/system/libsystem_malloc.dylib
0x000000000ae47000 	/usr/lib/system/libsystem_network.dylib
0x000000000ae47000 	/usr/lib/system/libsystem_networkextension.dylib
0x000000000ae47000 	/usr/lib/system/libsystem_notify.dylib
0x000000000ae47000 	/usr/lib/system/libsystem_platform.dylib
0x000000000ae47000 	/usr/lib/system/libsystem_pthread.dylib
0x000000000ae47000 	/usr/lib/system/libsystem_sandbox.dylib
0x000000000ae47000 	/usr/lib/system/libsystem_secinit.dylib
0x000000000ae47000 	/usr/lib/system/libsystem_stats.dylib
0x000000000ae47000 	/usr/lib/system/libsystem_trace.dylib
0x000000000ae47000 	/usr/lib/system/libunc.dylib
0x000000000ae47000 	/usr/lib/system/libunwind.dylib
0x000000000ae47000 	/usr/lib/system/libxpc.dylib
0x000000000ae47000 	/usr/lib/libbz2.1.0.dylib
0x000000000ae47000 	/usr/lib/liblzma.5.dylib
0x000000000ae47000 	/usr/lib/libbsm.0.dylib
0x000000000ae47000 	/usr/lib/libsqlite3.dylib
0x000000000ae47000 	/usr/lib/system/libkxld.dylib
0x000000000ae47000 	/usr/lib/libxar.1.dylib
0x000000000ae47000 	/usr/lib/libpam.2.dylib
0x000000000ae47000 	/usr/lib/libOpenScriptingUtil.dylib
0x000000000ae47000 	/System/Library/Frameworks/CoreServices.framework/Versions/A/Frameworks/FSEvents.framework/Versions/A/FSEvents
0x000000000ae47000 	/System/Library/Frameworks/CoreServices.framework/Versions/A/Frameworks/CarbonCore.framework/Versions/A/CarbonCore
0x000000000ae47000 	/System/Library/Frameworks/CoreServices.framework/Versions/A/Frameworks/Metadata.framework/Versions/A/Metadata
0x000000000ae47000 	/System/Library/Frameworks/CoreServices.framework/Versions/A/Frameworks/OSServices.framework/Versions/A/OSServices
0x000000000ae47000 	/System/Library/Frameworks/CoreServices.framework/Versions/A/Frameworks/SearchKit.framework/Versions/A/SearchKit
0x000000000ae47000 	/System/Library/Frameworks/CoreServices.framework/Versions/A/Frameworks/AE.framework/Versions/A/AE
0x000000000ae47000 	/System/Library/Frameworks/CoreServices.framework/Versions/A/Frameworks/LaunchServices.framework/Versions/A/LaunchServices
0x000000000ae47000 	/System/Library/Frameworks/CoreServices.framework/Versions/A/Frameworks/DictionaryServices.framework/Versions/A/DictionaryServices
0x000000000ae47000 	/System/Library/Frameworks/NetFS.framework/Versions/A/NetFS
0x000000000ae47000 	/System/Library/PrivateFrameworks/NetAuth.framework/Versions/A/NetAuth
0x000000000ae47000 	/System/Library/PrivateFrameworks/login.framework/Versions/A/Frameworks/loginsupport.framework/Versions/A/loginsupport
0x000000000ae47000 	/System/Library/PrivateFrameworks/TCC.framework/Versions/A/TCC
0x000000000ae47000 	/usr/lib/libmecabra.dylib
0x000000000ae47000 	/System/Library/Frameworks/ApplicationServices.framework/Versions/A/Frameworks/ATS.framework/Versions/A/ATS
0x000000000ae47000 	/System/Library/Frameworks/ApplicationServices.framework/Versions/A/Frameworks/ColorSync.framework/Versions/A/ColorSync
0x000000000ae47000 	/System/Library/Frameworks/ApplicationServices.framework/Versions/A/Frameworks/HIServices.framework/Versions/A/HIServices
0x000000000ae47000 	/System/Library/Frameworks/ApplicationServices.framework/Versions/A/Frameworks/LangAnalysis.framework/Versions/A/LangAnalysis
0x000000000ae47000 	/System/Library/Frameworks/ApplicationServices.framework/Versions/A/Frameworks/PrintCore.framework/Versions/A/PrintCore
0x000000000ae47000 	/System/Library/Frameworks/ApplicationServices.framework/Versions/A/Frameworks/QD.framework/Versions/A/QD
0x000000000ae47000 	/System/Library/Frameworks/ApplicationServices.framework/Versions/A/Frameworks/SpeechSynthesis.framework/Versions/A/SpeechSynthesis
0x000000000ae47000 	/System/Library/Frameworks/Accelerate.framework/Versions/A/Accelerate
0x000000000ae47000 	/System/Library/Frameworks/Accelerate.framework/Versions/A/Frameworks/vImage.framework/Versions/A/vImage
0x000000000ae47000 	/System/Library/Frameworks/Accelerate.framework/Versions/A/Frameworks/vecLib.framework/Versions/A/vecLib
0x000000000ae47000 	/System/Library/Frameworks/Accelerate.framework/Versions/A/Frameworks/vecLib.framework/Versions/A/libvDSP.dylib
0x000000000ae47000 	/System/Library/Frameworks/Accelerate.framework/Versions/A/Frameworks/vecLib.framework/Versions/A/libvMisc.dylib
0x000000000ae47000 	/System/Library/Frameworks/Accelerate.framework/Versions/A/Frameworks/vecLib.framework/Versions/A/libLAPACK.dylib
0x000000000ae47000 	/System/Library/Frameworks/Accelerate.framework/Versions/A/Frameworks/vecLib.framework/Versions/A/libBLAS.dylib
0x000000000ae47000 	/System/Library/Frameworks/Accelerate.framework/Versions/A/Frameworks/vecLib.framework/Versions/A/libLinearAlgebra.dylib
0x000000000ae47000 	/System/Library/Frameworks/ApplicationServices.framework/Versions/A/Frameworks/ATS.framework/Versions/A/Resources/libFontParser.dylib
0x000000000ae47000 	/System/Library/Frameworks/ApplicationServices.framework/Versions/A/Frameworks/ATS.framework/Versions/A/Resources/libFontRegistry.dylib
0x000000000ae47000 	/System/Library/PrivateFrameworks/AppleVPA.framework/Versions/A/AppleVPA
0x000000000ae47000 	/System/Library/PrivateFrameworks/AppleJPEG.framework/Versions/A/AppleJPEG
0x000000000ae47000 	/System/Library/Frameworks/ImageIO.framework/Versions/A/Resources/libJPEG.dylib
0x000000000ae47000 	/System/Library/Frameworks/ImageIO.framework/Versions/A/Resources/libTIFF.dylib
0x000000000ae47000 	/System/Library/Frameworks/ImageIO.framework/Versions/A/Resources/libPng.dylib
0x000000000ae47000 	/System/Library/Frameworks/ImageIO.framework/Versions/A/Resources/libGIF.dylib
0x000000000ae47000 	/System/Library/Frameworks/ImageIO.framework/Versions/A/Resources/libJP2.dylib
0x000000000ae47000 	/System/Library/Frameworks/ImageIO.framework/Versions/A/Resources/libRadiance.dylib
0x000000000ae47000 	/System/Library/Frameworks/CoreVideo.framework/Versions/A/CoreVideo
0x000000000ae47000 	/System/Library/Frameworks/OpenGL.framework/Versions/A/Libraries/libGLU.dylib
0x000000000ae47000 	/System/Library/Frameworks/OpenGL.framework/Versions/A/Libraries/libGFXShared.dylib
0x000000000ae47000 	/System/Library/Frameworks/OpenGL.framework/Versions/A/Libraries/libGL.dylib
0x000000000ae47000 	/System/Library/Frameworks/OpenGL.framework/Versions/A/Libraries/libGLImage.dylib
0x000000000ae47000 	/System/Library/Frameworks/OpenGL.framework/Versions/A/Libraries/libCVMSPluginSupport.dylib
0x000000000ae47000 	/System/Library/Frameworks/OpenGL.framework/Versions/A/Libraries/libCoreVMClient.dylib
0x000000000ae47000 	/usr/lib/libcups.2.dylib
0x000000000ae47000 	/System/Library/Frameworks/Kerberos.framework/Versions/A/Kerberos
0x000000000ae47000 	/System/Library/Frameworks/GSS.framework/Versions/A/GSS
0x000000000ae47000 	/usr/lib/libresolv.9.dylib
0x000000000ae47000 	/usr/lib/libiconv.2.dylib
0x000000000ae47000 	/System/Library/PrivateFrameworks/Heimdal.framework/Versions/A/Heimdal
0x000000000ae47000 	/usr/lib/libheimdal-asn1.dylib
0x000000000ae47000 	/System/Library/Frameworks/OpenDirectory.framework/Versions/A/OpenDirectory
0x000000000ae47000 	/System/Library/PrivateFrameworks/CommonAuth.framework/Versions/A/CommonAuth
0x000000000ae47000 	/System/Library/Frameworks/OpenDirectory.framework/Versions/A/Frameworks/CFOpenDirectory.framework/Versions/A/CFOpenDirectory
0x000000000ae47000 	/System/Library/Frameworks/SecurityFoundation.framework/Versions/A/SecurityFoundation
0x000000000ae47000 	/System/Library/PrivateFrameworks/LanguageModeling.framework/Versions/A/LanguageModeling
0x000000000ae47000 	/usr/lib/libcmph.dylib
0x000000000ae47000 	/System/Library/Frameworks/ServiceManagement.framework/Versions/A/ServiceManagement
0x000000000ae47000 	/usr/lib/libxslt.1.dylib
0x000000000ae47000 	/System/Library/Frameworks/Carbon.framework/Versions/A/Frameworks/Ink.framework/Versions/A/Ink
0x000000000ae47000 	/System/Library/Frameworks/QuartzCore.framework/Versions/A/Frameworks/CoreImage.framework/Versions/A/CoreImage
0x000000000ae47000 	/System/Library/PrivateFrameworks/CrashReporterSupport.framework/Versions/A/CrashReporterSupport
0x000000000ae47000 	/System/Library/Frameworks/OpenCL.framework/Versions/A/OpenCL
0x000000000ae47000 	/System/Library/PrivateFrameworks/FaceCore.framework/Versions/A/FaceCore
0x000000000ae47000 	/System/Library/PrivateFrameworks/Ubiquity.framework/Versions/A/Ubiquity
0x000000000ae47000 	/System/Library/PrivateFrameworks/IconServices.framework/Versions/A/IconServices
0x000000000ae47000 	/System/Library/PrivateFrameworks/ChunkingLibrary.framework/Versions/A/ChunkingLibrary
0x000000000ae47000 	/System/Library/PrivateFrameworks/Apple80211.framework/Versions/A/Apple80211
0x000000000ae47000 	/System/Library/Frameworks/CoreWLAN.framework/Versions/A/CoreWLAN
0x000000000ae47000 	/System/Library/Frameworks/IOBluetooth.framework/Versions/A/IOBluetooth
0x000000000ae47000 	/System/Library/PrivateFrameworks/CoreWiFi.framework/Versions/A/CoreWiFi
0x000000000ae47000 	/System/Library/Frameworks/CoreBluetooth.framework/Versions/A/CoreBluetooth
0x000000000ae47000 	/System/Library/PrivateFrameworks/DebugSymbols.framework/Versions/A/DebugSymbols
0x000000000ae47000 	/System/Library/PrivateFrameworks/CoreSymbolication.framework/Versions/A/CoreSymbolication
0x000000000ae47000 	/System/Library/PrivateFrameworks/Symbolication.framework/Versions/A/Symbolication
0x000000000ae47000 	/System/Library/PrivateFrameworks/SpeechRecognitionCore.framework/Versions/A/SpeechRecognitionCore
0x00000001063fd000 	/Library/Java/JavaVirtualMachines/jdk1.8.0_25.jdk/Contents/Home/jre/lib/server/libjvm.dylib
0x000000000ae47000 	/usr/lib/libstdc++.6.dylib
0x0000000107330000 	/Library/Java/JavaVirtualMachines/jdk1.8.0_25.jdk/Contents/Home/jre/lib/libverify.dylib
0x000000010733e000 	/Library/Java/JavaVirtualMachines/jdk1.8.0_25.jdk/Contents/Home/jre/lib/libjava.dylib
0x000000010737c000 	/Library/Java/JavaVirtualMachines/jdk1.8.0_25.jdk/Contents/Home/jre/lib/libzip.dylib
0x000000011dd07000 	/System/Library/Frameworks/JavaVM.framework/Frameworks/JavaRuntimeSupport.framework/JavaRuntimeSupport
0x000000011dd1f000 	/System/Library/Frameworks/JavaVM.framework/Versions/A/Frameworks/JavaNativeFoundation.framework/Versions/A/JavaNativeFoundation
0x000000011dd34000 	/System/Library/Frameworks/JavaVM.framework/Versions/A/JavaVM
0x000000000ae47000 	/System/Library/Frameworks/Carbon.framework/Versions/A/Carbon
0x000000011dd41000 	/System/Library/PrivateFrameworks/JavaLaunching.framework/Versions/A/JavaLaunching
0x000000000ae47000 	/System/Library/Frameworks/Carbon.framework/Versions/A/Frameworks/CommonPanels.framework/Versions/A/CommonPanels
0x000000000ae47000 	/System/Library/Frameworks/Carbon.framework/Versions/A/Frameworks/Help.framework/Versions/A/Help
0x000000000ae47000 	/System/Library/Frameworks/Carbon.framework/Versions/A/Frameworks/ImageCapture.framework/Versions/A/ImageCapture
0x000000000ae47000 	/System/Library/Frameworks/Carbon.framework/Versions/A/Frameworks/OpenScripting.framework/Versions/A/OpenScripting
0x000000000ae47000 	/System/Library/Frameworks/Carbon.framework/Versions/A/Frameworks/Print.framework/Versions/A/Print
0x000000000ae47000 	/System/Library/Frameworks/Carbon.framework/Versions/A/Frameworks/SecurityHI.framework/Versions/A/SecurityHI
0x000000011fba0000 	/Library/Java/JavaVirtualMachines/jdk1.8.0_25.jdk/Contents/Home/jre/lib/libawt.dylib
0x000000011fc4f000 	/Library/Java/JavaVirtualMachines/jdk1.8.0_25.jdk/Contents/Home/jre/lib/./libmlib_image.dylib
0x000000011fd1b000 	/Library/Java/JavaVirtualMachines/jdk1.8.0_25.jdk/Contents/Home/jre/lib/libawt_lwawt.dylib
0x000000011fdce000 	/Library/Java/JavaVirtualMachines/jdk1.8.0_25.jdk/Contents/Home/jre/lib/./libosxapp.dylib
0x000000000ae47000 	/System/Library/Frameworks/ExceptionHandling.framework/Versions/A/ExceptionHandling
0x000000000ae47000 	/System/Library/PrivateFrameworks/CoreServicesInternal.framework/Versions/A/CoreServicesInternal
0x000000000ae47000 	/System/Library/PrivateFrameworks/CloudDocs.framework/Versions/A/CloudDocs
0x000000000ae47000 	/System/Library/PrivateFrameworks/CoreDuet.framework/Versions/A/CoreDuet
0x000000000ae47000 	/System/Library/Frameworks/CloudKit.framework/Versions/A/CloudKit
0x000000000ae47000 	/System/Library/PrivateFrameworks/ProtocolBuffer.framework/Versions/A/ProtocolBuffer
0x000000000ae47000 	/System/Library/PrivateFrameworks/CoreDuetDaemonProtocol.framework/Versions/A/CoreDuetDaemonProtocol
0x000000000ae47000 	/System/Library/PrivateFrameworks/CoreDuetDebugLogging.framework/Versions/A/CoreDuetDebugLogging
0x000000000ae47000 	/System/Library/Frameworks/CoreLocation.framework/Versions/A/CoreLocation
0x000000000ae47000 	/System/Library/Frameworks/Accounts.framework/Versions/A/Accounts
0x000000000ae47000 	/System/Library/PrivateFrameworks/ApplePushService.framework/Versions/A/ApplePushService
0x000000000ae47000 	/System/Library/PrivateFrameworks/GeoServices.framework/Versions/A/GeoServices
0x000000000ae47000 	/System/Library/PrivateFrameworks/OAuth.framework/Versions/A/OAuth
0x000000000ae47000 	/System/Library/PrivateFrameworks/CoreDaemon.framework/Versions/B/CoreDaemon
0x000000000ae47000 	/usr/lib/libcrypto.0.9.8.dylib
0x000000000ae47000 	/System/Library/PrivateFrameworks/AppleSRP.framework/Versions/A/AppleSRP
0x000000000ae47000 	/System/Library/PrivateFrameworks/TrustEvaluationAgent.framework/Versions/A/TrustEvaluationAgent
0x000000000ae47000 	/System/Library/Frameworks/CoreGraphics.framework/Versions/A/Resources/libCGCMS.A.dylib
0x000000000ae47000 	/System/Library/Frameworks/CoreGraphics.framework/Versions/A/Resources/libRIP.A.dylib
0x000000000ae47000 	/System/Library/Frameworks/CoreGraphics.framework/Versions/A/Resources/libCGXType.A.dylib
0x000000000ae47000 	/System/Library/Frameworks/OpenCL.framework/Versions/A/Libraries/libcldcpuengine.dylib
0x000000000ae47000 	/System/Library/PrivateFrameworks/DiskImages.framework/Versions/A/DiskImages
0x000000000ae47000 	/System/Library/Frameworks/DiscRecording.framework/Versions/A/DiscRecording
0x000000000ae47000 	/usr/lib/libcsfde.dylib
0x000000000ae47000 	/usr/lib/libcurl.4.dylib
0x000000000ae47000 	/System/Library/PrivateFrameworks/MediaKit.framework/Versions/A/MediaKit
0x000000000ae47000 	/System/Library/PrivateFrameworks/ProtectedCloudStorage.framework/Versions/A/ProtectedCloudStorage
0x000000000ae47000 	/usr/lib/libCoreStorage.dylib
0x000000000ae47000 	/System/Library/PrivateFrameworks/EFILogin.framework/Versions/A/EFILogin
0x000000000ae47000 	/usr/lib/libutil.dylib
0x000000000ae47000 	/System/Library/PrivateFrameworks/FindMyDevice.framework/Versions/A/FindMyDevice
0x000000000ae47000 	/System/Library/Frameworks/LDAP.framework/Versions/A/LDAP
0x000000000ae47000 	/usr/lib/libsasl2.2.dylib
0x0000000122963000 	cl_kernels
0x0000000122965000 	/System/Library/Frameworks/OpenCL.framework/Versions/A/Libraries/ImageFormats/unorm8_bgra.dylib
0x0000000122954000 	cl_kernels
0x000000000ae47000 	/System/Library/PrivateFrameworks/FamilyControls.framework/Versions/A/FamilyControls
0x000000000ae47000 	/System/Library/PrivateFrameworks/CommerceKit.framework/Versions/A/Frameworks/CommerceCore.framework/Versions/A/CommerceCore
0x000000000ae47000 	/System/Library/PrivateFrameworks/SystemAdministration.framework/Versions/A/SystemAdministration
0x000000000ae47000 	/System/Library/PrivateFrameworks/AppContainer.framework/Versions/A/AppContainer
0x000000000ae47000 	/System/Library/PrivateFrameworks/SecCodeWrapper.framework/Versions/A/SecCodeWrapper
0x000000000ae47000 	/System/Library/Frameworks/DirectoryService.framework/Versions/A/DirectoryService
0x000000000ae47000 	/System/Library/PrivateFrameworks/LoginUIKit.framework/Versions/A/Frameworks/LoginUICore.framework/Versions/A/LoginUICore
0x000000000ae47000 	/usr/lib/libodfde.dylib
0x0000000123b2b000 	/Library/Java/JavaVirtualMachines/jdk1.8.0_25.jdk/Contents/Home/jre/lib/libfontmanager.dylib
0x0000000123b92000 	/Users/mathiasjohansson/git/OpenGL-Screen-Space/liblwjgl.jnilib
0x0000000121e9a000 	/Library/Java/JavaVirtualMachines/jdk1.8.0_25.jdk/Contents/Home/jre/lib/libjawt.dylib
0x000000000ae47000 	/System/Library/Frameworks/OpenGL.framework/Versions/A/Resources/GLEngine.bundle/GLEngine
0x000000000ae47000 	/System/Library/Frameworks/OpenGL.framework/Versions/A/Libraries/libGLProgrammability.dylib
0x0000000000000000 	/System/Library/Extensions/AppleIntelHD5000GraphicsGLDriver.bundle/Contents/MacOS/AppleIntelHD5000GraphicsGLDriver
0x000000000ae47000 	/System/Library/PrivateFrameworks/IOAccelerator.framework/Versions/A/IOAccelerator
0x000000000ae47000 	/System/Library/PrivateFrameworks/GPUSupport.framework/Versions/A/Libraries/libGPUSupportMercury.dylib
0x000000000ae47000 	/System/Library/Frameworks/OpenGL.framework/Versions/A/Resources/GLRendererFloat.bundle/GLRendererFloat
0x0000000123c11000 	/Library/Java/JavaVirtualMachines/jdk1.8.0_25.jdk/Contents/Home/jre/lib/libnio.dylib
0x0000000124494000 	/Library/Java/JavaVirtualMachines/jdk1.8.0_25.jdk/Contents/Home/jre/lib/./libnet.dylib

VM Arguments:
jvm_args: -Dfile.encoding=UTF-8 
java_command: deferred.Deferred
java_class_path (initial): /Users/mathiasjohansson/git/OpenGL-Screen-Space/bin:/Users/mathiasjohansson/Documents/Programming/Java libraries/lwjgl-2.9.1/jar/lwjgl.jar:/Users/mathiasjohansson/Documents/Programming/Java libraries/lwjgl-2.9.1/jar/lwjgl_util.jar
Launcher Type: SUN_STANDARD

Environment Variables:
PATH=/usr/bin:/bin:/usr/sbin:/sbin
SHELL=/bin/bash

Signal Handlers:
SIGSEGV: [libjvm.dylib+0x579dc7], sa_mask[0]=11111111011111110111111111111111, sa_flags=SA_ONSTACK|SA_RESTART|SA_SIGINFO
SIGBUS: [libjvm.dylib+0x579dc7], sa_mask[0]=11111111011111110111111111111111, sa_flags=SA_RESTART|SA_SIGINFO
SIGFPE: [libjvm.dylib+0x45b030], sa_mask[0]=11111111011111110111111111111111, sa_flags=SA_RESTART|SA_SIGINFO
SIGPIPE: [libjvm.dylib+0x45b030], sa_mask[0]=11111111011111110111111111111111, sa_flags=SA_RESTART|SA_SIGINFO
SIGXFSZ: [libjvm.dylib+0x45b030], sa_mask[0]=11111111011111110111111111111111, sa_flags=SA_RESTART|SA_SIGINFO
SIGILL: [libjvm.dylib+0x45b030], sa_mask[0]=11111111011111110111111111111111, sa_flags=SA_RESTART|SA_SIGINFO
SIGUSR1: SIG_DFL, sa_mask[0]=00000000000000000000000000000000, sa_flags=none
SIGUSR2: [libjvm.dylib+0x45ab4e], sa_mask[0]=00100000000000000000000000000000, sa_flags=SA_RESTART|SA_SIGINFO
SIGHUP: [libjvm.dylib+0x459121], sa_mask[0]=11111111011111110111111111111111, sa_flags=SA_RESTART|SA_SIGINFO
SIGINT: [libjvm.dylib+0x459121], sa_mask[0]=11111111011111110111111111111111, sa_flags=SA_RESTART|SA_SIGINFO
SIGTERM: [libjvm.dylib+0x459121], sa_mask[0]=11111111011111110111111111111111, sa_flags=SA_RESTART|SA_SIGINFO
SIGQUIT: [libjvm.dylib+0x459121], sa_mask[0]=11111111011111110111111111111111, sa_flags=SA_RESTART|SA_SIGINFO


---------------  S Y S T E M  ---------------

OS:Bsduname:Darwin 14.1.0 Darwin Kernel Version 14.1.0: Mon Dec 22 23:10:38 PST 2014; root:xnu-2782.10.72~2/RELEASE_X86_64 x86_64
rlimit: STACK 8192k, CORE 0k, NPROC 709, NOFILE 10240, AS infinity
load average:2.24 1.92 1.82

CPU:total 4 (2 cores per cpu, 2 threads per core) family 6 model 69 stepping 1, cmov, cx8, fxsr, mmx, sse, sse2, sse3, ssse3, sse4.1, sse4.2, popcnt, avx, avx2, aes, clmul, erms, lzcnt, ht, tsc, tscinvbit, bmi1, bmi2

Memory: 4k page, physical 8388608k(199192k free)

/proc/meminfo:


vm_info: Java HotSpot(TM) 64-Bit Server VM (25.25-b02) for bsd-amd64 JRE (1.8.0_25-b17), built on Sep 17 2014 16:56:50 by "java_re" with gcc 4.2.1 (Based on Apple Inc. build 5658) (LLVM build 2336.11.00)

time: Fri Feb 13 00:30:13 2015
elapsed time: 8 seconds (0d 0h 0m 8s)

